[1.654s] Invoking command in '/home/ubuntu/dev_ws/build/py_pkg': PYTHONPATH=/home/ubuntu/dev_ws/build/py_pkg/prefix_override:/home/ubuntu/dev_ws/install/py_pkg/lib/python3.10/site-packages:${PYTHONPATH} /usr/bin/python3 setup.py develop --editable --build-directory /home/ubuntu/dev_ws/build/py_pkg/build --no-deps install_data
[2.089s] running develop
[2.090s] /usr/lib/python3/dist-packages/setuptools/command/easy_install.py:158: EasyInstallDeprecationWarning: easy_install command is deprecated. Use build and pip and other standards-based tools.
[2.090s]   warnings.warn(
[2.092s] /usr/lib/python3/dist-packages/setuptools/command/install.py:34: SetuptoolsDeprecationWarning: setup.py install is deprecated. Use build and pip and other standards-based tools.
[2.092s]   warnings.warn(
[2.365s] running egg_info
[2.366s] writing py_pkg.egg-info/PKG-INFO
[2.366s] writing dependency_links to py_pkg.egg-info/dependency_links.txt
[2.367s] writing entry points to py_pkg.egg-info/entry_points.txt
[2.367s] writing requirements to py_pkg.egg-info/requires.txt
[2.367s] writing top-level names to py_pkg.egg-info/top_level.txt
[2.370s] reading manifest file 'py_pkg.egg-info/SOURCES.txt'
[2.371s] writing manifest file 'py_pkg.egg-info/SOURCES.txt'
[2.373s] running build_ext
[2.375s] Creating /home/ubuntu/dev_ws/install/py_pkg/lib/python3.10/site-packages/py-pkg.egg-link (link to .)
[2.375s] Installing py_node script to /home/ubuntu/dev_ws/install/py_pkg/lib/py_pkg
[2.376s] Installing robot script to /home/ubuntu/dev_ws/install/py_pkg/lib/py_pkg
[2.376s] Installing sub script to /home/ubuntu/dev_ws/install/py_pkg/lib/py_pkg
[2.377s] 
[2.377s] Installed /home/ubuntu/dev_ws/build/py_pkg
[2.377s] running install_data
[2.416s] Invoked command in '/home/ubuntu/dev_ws/build/py_pkg' returned '0': PYTHONPATH=/home/ubuntu/dev_ws/build/py_pkg/prefix_override:/home/ubuntu/dev_ws/install/py_pkg/lib/python3.10/site-packages:${PYTHONPATH} /usr/bin/python3 setup.py develop --editable --build-directory /home/ubuntu/dev_ws/build/py_pkg/build --no-deps install_data
