[2.974s] DEBUG:colcon:Command line arguments: ['/usr/bin/colcon', 'build']
[2.974s] DEBUG:colcon:Parsed command line arguments: Namespace(log_base=None, log_level=None, verb_name='build', build_base='build', install_base='install', merge_install=False, symlink_install=False, test_result_base=None, continue_on_error=False, executor='parallel', parallel_workers=8, event_handlers=None, ignore_user_meta=False, metas=['./colcon.meta'], base_paths=['.'], packages_ignore=None, packages_ignore_regex=None, paths=None, packages_up_to=None, packages_up_to_regex=None, packages_above=None, packages_above_and_dependencies=None, packages_above_depth=None, packages_select_by_dep=None, packages_skip_by_dep=None, packages_skip_up_to=None, packages_select_build_failed=False, packages_skip_build_finished=False, packages_select_test_failures=False, packages_skip_test_passed=False, packages_select=None, packages_skip=None, packages_select_regex=None, packages_skip_regex=None, packages_start=None, packages_end=None, allow_overriding=[], cmake_args=None, cmake_target=None, cmake_target_skip_unavailable=False, cmake_clean_cache=False, cmake_clean_first=False, cmake_force_configure=False, ament_cmake_args=None, catkin_cmake_args=None, catkin_skip_building_tests=False, verb_parser=<colcon_defaults.argument_parser.defaults.DefaultArgumentsDecorator object at 0x7fc8aa176fb0>, verb_extension=<colcon_core.verb.build.BuildVerb object at 0x7fc8aa139d50>, main=<bound method BuildVerb.main of <colcon_core.verb.build.BuildVerb object at 0x7fc8aa139d50>>)
[3.147s] Level 1:colcon.colcon_core.package_discovery:discover_packages(colcon_meta) check parameters
[3.148s] Level 1:colcon.colcon_core.package_discovery:discover_packages(recursive) check parameters
[3.148s] Level 1:colcon.colcon_core.package_discovery:discover_packages(ignore) check parameters
[3.148s] Level 1:colcon.colcon_core.package_discovery:discover_packages(path) check parameters
[3.148s] Level 1:colcon.colcon_core.package_discovery:discover_packages(colcon_meta) discover
[3.148s] Level 1:colcon.colcon_core.package_discovery:discover_packages(recursive) discover
[3.148s] INFO:colcon.colcon_core.package_discovery:Crawling recursively for packages in '/home/ubuntu/dev_ws'
[3.148s] Level 1:colcon.colcon_core.package_identification:_identify(.) by extensions ['ignore', 'ignore_ament_install']
[3.149s] Level 1:colcon.colcon_core.package_identification:_identify(.) by extension 'ignore'
[3.149s] Level 1:colcon.colcon_core.package_identification:_identify(.) by extension 'ignore_ament_install'
[3.149s] Level 1:colcon.colcon_core.package_identification:_identify(.) by extensions ['colcon_pkg']
[3.149s] Level 1:colcon.colcon_core.package_identification:_identify(.) by extension 'colcon_pkg'
[3.149s] Level 1:colcon.colcon_core.package_identification:_identify(.) by extensions ['colcon_meta']
[3.149s] Level 1:colcon.colcon_core.package_identification:_identify(.) by extension 'colcon_meta'
[3.149s] Level 1:colcon.colcon_core.package_identification:_identify(.) by extensions ['ros']
[3.149s] Level 1:colcon.colcon_core.package_identification:_identify(.) by extension 'ros'
[3.234s] Level 1:colcon.colcon_core.package_identification:_identify(.) by extensions ['cmake', 'python']
[3.234s] Level 1:colcon.colcon_core.package_identification:_identify(.) by extension 'cmake'
[3.234s] Level 1:colcon.colcon_core.package_identification:_identify(.) by extension 'python'
[3.234s] Level 1:colcon.colcon_core.package_identification:_identify(.) by extensions ['python_setup_py']
[3.235s] Level 1:colcon.colcon_core.package_identification:_identify(.) by extension 'python_setup_py'
[3.235s] Level 1:colcon.colcon_core.package_identification:_identify(build) by extensions ['ignore', 'ignore_ament_install']
[3.235s] Level 1:colcon.colcon_core.package_identification:_identify(build) by extension 'ignore'
[3.235s] Level 1:colcon.colcon_core.package_identification:_identify(build) ignored
[3.236s] Level 1:colcon.colcon_core.package_identification:_identify(install) by extensions ['ignore', 'ignore_ament_install']
[3.236s] Level 1:colcon.colcon_core.package_identification:_identify(install) by extension 'ignore'
[3.236s] Level 1:colcon.colcon_core.package_identification:_identify(install) ignored
[3.237s] Level 1:colcon.colcon_core.package_identification:_identify(log) by extensions ['ignore', 'ignore_ament_install']
[3.237s] Level 1:colcon.colcon_core.package_identification:_identify(log) by extension 'ignore'
[3.237s] Level 1:colcon.colcon_core.package_identification:_identify(log) ignored
[3.237s] Level 1:colcon.colcon_core.package_identification:_identify(src) by extensions ['ignore', 'ignore_ament_install']
[3.237s] Level 1:colcon.colcon_core.package_identification:_identify(src) by extension 'ignore'
[3.237s] Level 1:colcon.colcon_core.package_identification:_identify(src) by extension 'ignore_ament_install'
[3.238s] Level 1:colcon.colcon_core.package_identification:_identify(src) by extensions ['colcon_pkg']
[3.238s] Level 1:colcon.colcon_core.package_identification:_identify(src) by extension 'colcon_pkg'
[3.238s] Level 1:colcon.colcon_core.package_identification:_identify(src) by extensions ['colcon_meta']
[3.238s] Level 1:colcon.colcon_core.package_identification:_identify(src) by extension 'colcon_meta'
[3.238s] Level 1:colcon.colcon_core.package_identification:_identify(src) by extensions ['ros']
[3.238s] Level 1:colcon.colcon_core.package_identification:_identify(src) by extension 'ros'
[3.238s] Level 1:colcon.colcon_core.package_identification:_identify(src) by extensions ['cmake', 'python']
[3.238s] Level 1:colcon.colcon_core.package_identification:_identify(src) by extension 'cmake'
[3.239s] Level 1:colcon.colcon_core.package_identification:_identify(src) by extension 'python'
[3.239s] Level 1:colcon.colcon_core.package_identification:_identify(src) by extensions ['python_setup_py']
[3.239s] Level 1:colcon.colcon_core.package_identification:_identify(src) by extension 'python_setup_py'
[3.239s] Level 1:colcon.colcon_core.package_identification:_identify(src/py_pkg) by extensions ['ignore', 'ignore_ament_install']
[3.239s] Level 1:colcon.colcon_core.package_identification:_identify(src/py_pkg) by extension 'ignore'
[3.240s] Level 1:colcon.colcon_core.package_identification:_identify(src/py_pkg) by extension 'ignore_ament_install'
[3.240s] Level 1:colcon.colcon_core.package_identification:_identify(src/py_pkg) by extensions ['colcon_pkg']
[3.240s] Level 1:colcon.colcon_core.package_identification:_identify(src/py_pkg) by extension 'colcon_pkg'
[3.240s] Level 1:colcon.colcon_core.package_identification:_identify(src/py_pkg) by extensions ['colcon_meta']
[3.240s] Level 1:colcon.colcon_core.package_identification:_identify(src/py_pkg) by extension 'colcon_meta'
[3.240s] Level 1:colcon.colcon_core.package_identification:_identify(src/py_pkg) by extensions ['ros']
[3.240s] Level 1:colcon.colcon_core.package_identification:_identify(src/py_pkg) by extension 'ros'
[3.250s] DEBUG:colcon.colcon_core.package_identification:Package 'src/py_pkg' with type 'ros.ament_python' and name 'py_pkg'
[3.250s] Level 1:colcon.colcon_core.package_discovery:discover_packages(recursive) using defaults
[3.250s] Level 1:colcon.colcon_core.package_discovery:discover_packages(ignore) discover
[3.250s] Level 1:colcon.colcon_core.package_discovery:discover_packages(ignore) using defaults
[3.250s] Level 1:colcon.colcon_core.package_discovery:discover_packages(path) discover
[3.250s] Level 1:colcon.colcon_core.package_discovery:discover_packages(path) using defaults
[3.723s] Level 1:colcon.colcon_core.package_discovery:discover_packages(prefix_path) check parameters
[3.723s] Level 1:colcon.colcon_core.package_discovery:discover_packages(prefix_path) discover
[3.870s] DEBUG:colcon.colcon_installed_package_information.package_discovery:Found 1 installed packages in /home/ubuntu/dev_ws/install
[3.923s] DEBUG:colcon.colcon_installed_package_information.package_discovery:Found 382 installed packages in /opt/ros/humble
[3.928s] Level 1:colcon.colcon_core.package_discovery:discover_packages(prefix_path) using defaults
[4.282s] Level 5:colcon.colcon_core.verb:set package 'py_pkg' build argument 'cmake_args' from command line to 'None'
[4.282s] Level 5:colcon.colcon_core.verb:set package 'py_pkg' build argument 'cmake_target' from command line to 'None'
[4.282s] Level 5:colcon.colcon_core.verb:set package 'py_pkg' build argument 'cmake_target_skip_unavailable' from command line to 'False'
[4.282s] Level 5:colcon.colcon_core.verb:set package 'py_pkg' build argument 'cmake_clean_cache' from command line to 'False'
[4.282s] Level 5:colcon.colcon_core.verb:set package 'py_pkg' build argument 'cmake_clean_first' from command line to 'False'
[4.282s] Level 5:colcon.colcon_core.verb:set package 'py_pkg' build argument 'cmake_force_configure' from command line to 'False'
[4.282s] Level 5:colcon.colcon_core.verb:set package 'py_pkg' build argument 'ament_cmake_args' from command line to 'None'
[4.282s] Level 5:colcon.colcon_core.verb:set package 'py_pkg' build argument 'catkin_cmake_args' from command line to 'None'
[4.282s] Level 5:colcon.colcon_core.verb:set package 'py_pkg' build argument 'catkin_skip_building_tests' from command line to 'False'
[4.282s] DEBUG:colcon.colcon_core.verb:Building package 'py_pkg' with the following arguments: {'ament_cmake_args': None, 'build_base': '/home/ubuntu/dev_ws/build/py_pkg', 'catkin_cmake_args': None, 'catkin_skip_building_tests': False, 'cmake_args': None, 'cmake_clean_cache': False, 'cmake_clean_first': False, 'cmake_force_configure': False, 'cmake_target': None, 'cmake_target_skip_unavailable': False, 'install_base': '/home/ubuntu/dev_ws/install/py_pkg', 'merge_install': False, 'path': '/home/ubuntu/dev_ws/src/py_pkg', 'symlink_install': False, 'test_result_base': None}
[4.318s] INFO:colcon.colcon_core.executor:Executing jobs using 'parallel' executor
[4.358s] DEBUG:colcon.colcon_parallel_executor.executor.parallel:run_until_complete
[4.359s] INFO:colcon.colcon_ros.task.ament_python.build:Building ROS package in '/home/ubuntu/dev_ws/src/py_pkg' with build type 'ament_python'
[4.359s] Level 1:colcon.colcon_core.shell:create_environment_hook('py_pkg', 'ament_prefix_path')
[4.402s] INFO:colcon.colcon_core.plugin_system:Skipping extension 'colcon_core.shell.bat': Not used on non-Windows systems
[4.403s] INFO:colcon.colcon_core.shell:Creating environment hook '/home/ubuntu/dev_ws/install/py_pkg/share/py_pkg/hook/ament_prefix_path.ps1'
[4.405s] INFO:colcon.colcon_core.shell:Creating environment descriptor '/home/ubuntu/dev_ws/install/py_pkg/share/py_pkg/hook/ament_prefix_path.dsv'
[4.408s] INFO:colcon.colcon_core.shell:Creating environment hook '/home/ubuntu/dev_ws/install/py_pkg/share/py_pkg/hook/ament_prefix_path.sh'
[4.439s] INFO:colcon.colcon_core.shell:Skip shell extension 'powershell' for command environment: Not usable outside of PowerShell
[4.439s] DEBUG:colcon.colcon_core.shell:Skip shell extension 'dsv' for command environment
[5.502s] INFO:colcon.colcon_core.task.python.build:Building Python package in '/home/ubuntu/dev_ws/src/py_pkg'
[5.532s] INFO:colcon.colcon_core.shell:Skip shell extension 'powershell' for command environment: Not usable outside of PowerShell
[5.532s] DEBUG:colcon.colcon_core.shell:Skip shell extension 'dsv' for command environment
[7.351s] DEBUG:colcon.colcon_core.event_handler.log_command:Invoking command in '/home/ubuntu/dev_ws/build/py_pkg': PYTHONPATH=/home/ubuntu/dev_ws/build/py_pkg/prefix_override:/home/ubuntu/dev_ws/install/py_pkg/lib/python3.10/site-packages:${PYTHONPATH} /usr/bin/python3 setup.py develop --uninstall --editable --build-directory /home/ubuntu/dev_ws/build/py_pkg/build
[8.393s] DEBUG:colcon.colcon_core.event_handler.log_command:Invoked command in '/home/ubuntu/dev_ws/build/py_pkg' returned '0': PYTHONPATH=/home/ubuntu/dev_ws/build/py_pkg/prefix_override:/home/ubuntu/dev_ws/install/py_pkg/lib/python3.10/site-packages:${PYTHONPATH} /usr/bin/python3 setup.py develop --uninstall --editable --build-directory /home/ubuntu/dev_ws/build/py_pkg/build
[8.398s] DEBUG:colcon.colcon_core.event_handler.log_command:Invoking command in '/home/ubuntu/dev_ws/src/py_pkg': PYTHONPATH=/home/ubuntu/dev_ws/build/py_pkg/prefix_override:/home/ubuntu/dev_ws/install/py_pkg/lib/python3.10/site-packages:${PYTHONPATH} /usr/bin/python3 setup.py egg_info --egg-base ../../build/py_pkg build --build-base /home/ubuntu/dev_ws/build/py_pkg/build install --record /home/ubuntu/dev_ws/build/py_pkg/install.log --single-version-externally-managed
[8.977s] DEBUG:colcon.colcon_core.event_handler.log_command:Invoked command in '/home/ubuntu/dev_ws/src/py_pkg' returned '0': PYTHONPATH=/home/ubuntu/dev_ws/build/py_pkg/prefix_override:/home/ubuntu/dev_ws/install/py_pkg/lib/python3.10/site-packages:${PYTHONPATH} /usr/bin/python3 setup.py egg_info --egg-base ../../build/py_pkg build --build-base /home/ubuntu/dev_ws/build/py_pkg/build install --record /home/ubuntu/dev_ws/build/py_pkg/install.log --single-version-externally-managed
[9.022s] Level 1:colcon.colcon_core.environment:checking '/home/ubuntu/dev_ws/install/py_pkg' for CMake module files
[9.023s] Level 1:colcon.colcon_core.environment:checking '/home/ubuntu/dev_ws/install/py_pkg' for CMake config files
[9.026s] Level 1:colcon.colcon_core.environment:checking '/home/ubuntu/dev_ws/install/py_pkg/lib'
[9.027s] Level 1:colcon.colcon_core.environment:checking '/home/ubuntu/dev_ws/install/py_pkg/bin'
[9.027s] Level 1:colcon.colcon_core.environment:checking '/home/ubuntu/dev_ws/install/py_pkg/lib/pkgconfig/py_pkg.pc'
[9.029s] Level 1:colcon.colcon_core.environment:checking '/home/ubuntu/dev_ws/install/py_pkg/lib/python3.10/site-packages'
[9.029s] Level 1:colcon.colcon_core.shell:create_environment_hook('py_pkg', 'pythonpath')
[9.063s] INFO:colcon.colcon_core.shell:Creating environment hook '/home/ubuntu/dev_ws/install/py_pkg/share/py_pkg/hook/pythonpath.ps1'
[9.064s] INFO:colcon.colcon_core.shell:Creating environment descriptor '/home/ubuntu/dev_ws/install/py_pkg/share/py_pkg/hook/pythonpath.dsv'
[9.065s] INFO:colcon.colcon_core.shell:Creating environment hook '/home/ubuntu/dev_ws/install/py_pkg/share/py_pkg/hook/pythonpath.sh'
[9.067s] Level 1:colcon.colcon_core.environment:checking '/home/ubuntu/dev_ws/install/py_pkg/bin'
[9.067s] Level 1:colcon.colcon_core.environment:create_environment_scripts_only(py_pkg)
[9.098s] INFO:colcon.colcon_core.shell:Creating package script '/home/ubuntu/dev_ws/install/py_pkg/share/py_pkg/package.ps1'
[9.100s] INFO:colcon.colcon_core.shell:Creating package descriptor '/home/ubuntu/dev_ws/install/py_pkg/share/py_pkg/package.dsv'
[9.101s] INFO:colcon.colcon_core.shell:Creating package script '/home/ubuntu/dev_ws/install/py_pkg/share/py_pkg/package.sh'
[9.103s] INFO:colcon.colcon_core.shell:Creating package script '/home/ubuntu/dev_ws/install/py_pkg/share/py_pkg/package.bash'
[9.104s] INFO:colcon.colcon_core.shell:Creating package script '/home/ubuntu/dev_ws/install/py_pkg/share/py_pkg/package.zsh'
[9.107s] Level 1:colcon.colcon_core.environment:create_file_with_runtime_dependencies(/home/ubuntu/dev_ws/install/py_pkg/share/colcon-core/packages/py_pkg)
[9.109s] DEBUG:colcon.colcon_parallel_executor.executor.parallel:closing loop
[9.109s] DEBUG:colcon.colcon_parallel_executor.executor.parallel:loop closed
[9.109s] DEBUG:colcon.colcon_parallel_executor.executor.parallel:run_until_complete finished with '0'
[9.109s] DEBUG:colcon.colcon_core.event_reactor:joining thread
[9.221s] INFO:colcon.colcon_core.plugin_system:Skipping extension 'colcon_notification.desktop_notification.notify_send': Could not find 'notify-send'
[9.221s] INFO:colcon.colcon_core.plugin_system:Skipping extension 'colcon_notification.desktop_notification.terminal_notifier': Not used on non-Darwin systems
[9.221s] INFO:colcon.colcon_core.plugin_system:Skipping extension 'colcon_notification.desktop_notification.win32': Not used on non-Windows systems
[9.221s] INFO:colcon.colcon_notification.desktop_notification:Sending desktop notification using 'notify2'
[9.221s] DEBUG:colcon.colcon_notification.desktop_notification.notify2:Failed to initialize notify2: org.freedesktop.DBus.Error.FileNotFound: Failed to connect to socket /run/user/1000/bus: No such file or directory
[9.222s] DEBUG:colcon.colcon_core.event_reactor:joined thread
[9.259s] INFO:colcon.colcon_core.shell:Creating prefix script '/home/ubuntu/dev_ws/install/local_setup.ps1'
[9.261s] INFO:colcon.colcon_core.shell:Creating prefix util module '/home/ubuntu/dev_ws/install/_local_setup_util_ps1.py'
[9.266s] INFO:colcon.colcon_core.shell:Creating prefix chain script '/home/ubuntu/dev_ws/install/setup.ps1'
[9.328s] INFO:colcon.colcon_core.shell:Creating prefix script '/home/ubuntu/dev_ws/install/local_setup.sh'
[9.331s] INFO:colcon.colcon_core.shell:Creating prefix util module '/home/ubuntu/dev_ws/install/_local_setup_util_sh.py'
[9.333s] INFO:colcon.colcon_core.shell:Creating prefix chain script '/home/ubuntu/dev_ws/install/setup.sh'
[9.381s] INFO:colcon.colcon_core.shell:Creating prefix script '/home/ubuntu/dev_ws/install/local_setup.bash'
[9.382s] INFO:colcon.colcon_core.shell:Creating prefix chain script '/home/ubuntu/dev_ws/install/setup.bash'
[9.415s] INFO:colcon.colcon_core.shell:Creating prefix script '/home/ubuntu/dev_ws/install/local_setup.zsh'
[9.417s] INFO:colcon.colcon_core.shell:Creating prefix chain script '/home/ubuntu/dev_ws/install/setup.zsh'
