/home/ubuntu/dev_ws/src/install/py_pkg/lib/python3.10/site-packages/py_pkg/__init__.py
/home/ubuntu/dev_ws/src/install/py_pkg/lib/python3.10/site-packages/py_pkg/robot.py
/home/ubuntu/dev_ws/src/install/py_pkg/lib/python3.10/site-packages/py_pkg/control_turtle.py
/home/ubuntu/dev_ws/src/install/py_pkg/lib/python3.10/site-packages/py_pkg/subs.py
/home/ubuntu/dev_ws/src/install/py_pkg/lib/python3.10/site-packages/py_pkg/node1.py
/home/ubuntu/dev_ws/src/install/py_pkg/lib/python3.10/site-packages/py_pkg/__pycache__/__init__.cpython-310.pyc
/home/ubuntu/dev_ws/src/install/py_pkg/lib/python3.10/site-packages/py_pkg/__pycache__/robot.cpython-310.pyc
/home/ubuntu/dev_ws/src/install/py_pkg/lib/python3.10/site-packages/py_pkg/__pycache__/control_turtle.cpython-310.pyc
/home/ubuntu/dev_ws/src/install/py_pkg/lib/python3.10/site-packages/py_pkg/__pycache__/subs.cpython-310.pyc
/home/ubuntu/dev_ws/src/install/py_pkg/lib/python3.10/site-packages/py_pkg/__pycache__/node1.cpython-310.pyc
/home/ubuntu/dev_ws/src/install/py_pkg/share/ament_index/resource_index/packages/py_pkg
/home/ubuntu/dev_ws/src/install/py_pkg/share/py_pkg/package.xml
/home/ubuntu/dev_ws/src/install/py_pkg/share/py_pkg/launch/test.launch.py
/home/ubuntu/dev_ws/src/install/py_pkg/share/py_pkg/launch/my_2roues_sim.launch.py
/home/ubuntu/dev_ws/src/install/py_pkg/share/py_pkg/launch/my_2roues.launch.py
/home/ubuntu/dev_ws/src/install/py_pkg/share/py_pkg/urdf/rob1.xml
/home/ubuntu/dev_ws/src/install/py_pkg/share/py_pkg/urdf/my_2roues.urdf.xacro
/home/ubuntu/dev_ws/src/install/py_pkg/share/py_pkg/urdf/inertial.xacro
/home/ubuntu/dev_ws/src/install/py_pkg/share/py_pkg/urdf/material.xacro
/home/ubuntu/dev_ws/src/install/py_pkg/share/py_pkg/urdf/my_2roues-gazebo.xacro
/home/ubuntu/dev_ws/src/install/py_pkg/lib/python3.10/site-packages/py_pkg-0.0.0-py3.10.egg-info/dependency_links.txt
/home/ubuntu/dev_ws/src/install/py_pkg/lib/python3.10/site-packages/py_pkg-0.0.0-py3.10.egg-info/entry_points.txt
/home/ubuntu/dev_ws/src/install/py_pkg/lib/python3.10/site-packages/py_pkg-0.0.0-py3.10.egg-info/top_level.txt
/home/ubuntu/dev_ws/src/install/py_pkg/lib/python3.10/site-packages/py_pkg-0.0.0-py3.10.egg-info/zip-safe
/home/ubuntu/dev_ws/src/install/py_pkg/lib/python3.10/site-packages/py_pkg-0.0.0-py3.10.egg-info/requires.txt
/home/ubuntu/dev_ws/src/install/py_pkg/lib/python3.10/site-packages/py_pkg-0.0.0-py3.10.egg-info/SOURCES.txt
/home/ubuntu/dev_ws/src/install/py_pkg/lib/python3.10/site-packages/py_pkg-0.0.0-py3.10.egg-info/PKG-INFO
/home/ubuntu/dev_ws/src/install/py_pkg/lib/py_pkg/control_turtle
/home/ubuntu/dev_ws/src/install/py_pkg/lib/py_pkg/py_node
/home/ubuntu/dev_ws/src/install/py_pkg/lib/py_pkg/robot
/home/ubuntu/dev_ws/src/install/py_pkg/lib/py_pkg/sub
