running develop
running egg_info
creating py_pkg.egg-info
writing py_pkg.egg-info/PKG-INFO
writing dependency_links to py_pkg.egg-info/dependency_links.txt
writing entry points to py_pkg.egg-info/entry_points.txt
writing requirements to py_pkg.egg-info/requires.txt
writing top-level names to py_pkg.egg-info/top_level.txt
writing manifest file 'py_pkg.egg-info/SOURCES.txt'
reading manifest file 'py_pkg.egg-info/SOURCES.txt'
writing manifest file 'py_pkg.egg-info/SOURCES.txt'
running build_ext
Creating /home/ubuntu/dev_ws/install/py_pkg/lib/python3.10/site-packages/py-pkg.egg-link (link to .)
Installing py_node script to /home/ubuntu/dev_ws/install/py_pkg/lib/py_pkg

Installed /home/ubuntu/dev_ws/build/py_pkg
running install_data
creating /home/ubuntu/dev_ws/install/py_pkg/share/ament_index
creating /home/ubuntu/dev_ws/install/py_pkg/share/ament_index/resource_index
creating /home/ubuntu/dev_ws/install/py_pkg/share/ament_index/resource_index/packages
copying resource/py_pkg -> /home/ubuntu/dev_ws/install/py_pkg/share/ament_index/resource_index/packages
copying package.xml -> /home/ubuntu/dev_ws/install/py_pkg/share/py_pkg
