[1.426s] Invoking command in '/home/ubuntu/dev_ws/build/py_pkg': PYTHONPATH=/home/ubuntu/dev_ws/build/py_pkg/prefix_override:/home/ubuntu/dev_ws/install/py_pkg/lib/python3.10/site-packages:${PYTHONPATH} /usr/bin/python3 setup.py develop --editable --build-directory /home/ubuntu/dev_ws/build/py_pkg/build --no-deps install_data
[1.762s] running develop
[1.764s] /usr/lib/python3/dist-packages/setuptools/command/easy_install.py:158: EasyInstallDeprecationWarning: easy_install command is deprecated. Use build and pip and other standards-based tools.
[1.764s]   warnings.warn(
[1.766s] /usr/lib/python3/dist-packages/setuptools/command/install.py:34: SetuptoolsDeprecationWarning: setup.py install is deprecated. Use build and pip and other standards-based tools.
[1.766s]   warnings.warn(
[2.011s] running egg_info
[2.011s] creating py_pkg.egg-info
[2.011s] writing py_pkg.egg-info/PKG-INFO
[2.012s] writing dependency_links to py_pkg.egg-info/dependency_links.txt
[2.012s] writing entry points to py_pkg.egg-info/entry_points.txt
[2.012s] writing requirements to py_pkg.egg-info/requires.txt
[2.013s] writing top-level names to py_pkg.egg-info/top_level.txt
[2.015s] writing manifest file 'py_pkg.egg-info/SOURCES.txt'
[2.030s] reading manifest file 'py_pkg.egg-info/SOURCES.txt'
[2.034s] writing manifest file 'py_pkg.egg-info/SOURCES.txt'
[2.043s] running build_ext
[2.047s] Creating /home/ubuntu/dev_ws/install/py_pkg/lib/python3.10/site-packages/py-pkg.egg-link (link to .)
[2.054s] Installing py_node script to /home/ubuntu/dev_ws/install/py_pkg/lib/py_pkg
[2.057s] 
[2.058s] Installed /home/ubuntu/dev_ws/build/py_pkg
[2.062s] running install_data
[2.063s] creating /home/ubuntu/dev_ws/install/py_pkg/share/ament_index
[2.063s] creating /home/ubuntu/dev_ws/install/py_pkg/share/ament_index/resource_index
[2.064s] creating /home/ubuntu/dev_ws/install/py_pkg/share/ament_index/resource_index/packages
[2.065s] copying resource/py_pkg -> /home/ubuntu/dev_ws/install/py_pkg/share/ament_index/resource_index/packages
[2.066s] copying package.xml -> /home/ubuntu/dev_ws/install/py_pkg/share/py_pkg
[2.112s] Invoked command in '/home/ubuntu/dev_ws/build/py_pkg' returned '0': PYTHONPATH=/home/ubuntu/dev_ws/build/py_pkg/prefix_override:/home/ubuntu/dev_ws/install/py_pkg/lib/python3.10/site-packages:${PYTHONPATH} /usr/bin/python3 setup.py develop --editable --build-directory /home/ubuntu/dev_ws/build/py_pkg/build --no-deps install_data
