[0.946s] DEBUG:colcon:Command line arguments: ['/usr/bin/colcon', 'build']
[0.947s] DEBUG:colcon:Parsed command line arguments: Namespace(log_base=None, log_level=None, verb_name='build', build_base='build', install_base='install', merge_install=False, symlink_install=False, test_result_base=None, continue_on_error=False, executor='parallel', parallel_workers=8, event_handlers=None, ignore_user_meta=False, metas=['./colcon.meta'], base_paths=['.'], packages_ignore=None, packages_ignore_regex=None, paths=None, packages_up_to=None, packages_up_to_regex=None, packages_above=None, packages_above_and_dependencies=None, packages_above_depth=None, packages_select_by_dep=None, packages_skip_by_dep=None, packages_skip_up_to=None, packages_select_build_failed=False, packages_skip_build_finished=False, packages_select_test_failures=False, packages_skip_test_passed=False, packages_select=None, packages_skip=None, packages_select_regex=None, packages_skip_regex=None, packages_start=None, packages_end=None, allow_overriding=[], cmake_args=None, cmake_target=None, cmake_target_skip_unavailable=False, cmake_clean_cache=False, cmake_clean_first=False, cmake_force_configure=False, ament_cmake_args=None, catkin_cmake_args=None, catkin_skip_building_tests=False, verb_parser=<colcon_defaults.argument_parser.defaults.DefaultArgumentsDecorator object at 0x7f9904dfed70>, verb_extension=<colcon_core.verb.build.BuildVerb object at 0x7f9904dfc9a0>, main=<bound method BuildVerb.main of <colcon_core.verb.build.BuildVerb object at 0x7f9904dfc9a0>>)
[0.989s] Level 1:colcon.colcon_core.package_discovery:discover_packages(colcon_meta) check parameters
[0.989s] Level 1:colcon.colcon_core.package_discovery:discover_packages(recursive) check parameters
[0.989s] Level 1:colcon.colcon_core.package_discovery:discover_packages(ignore) check parameters
[0.989s] Level 1:colcon.colcon_core.package_discovery:discover_packages(path) check parameters
[0.989s] Level 1:colcon.colcon_core.package_discovery:discover_packages(colcon_meta) discover
[0.989s] Level 1:colcon.colcon_core.package_discovery:discover_packages(recursive) discover
[0.989s] INFO:colcon.colcon_core.package_discovery:Crawling recursively for packages in '/home/ubuntu/dev_ws/src'
[0.989s] Level 1:colcon.colcon_core.package_identification:_identify(.) by extensions ['ignore', 'ignore_ament_install']
[0.989s] Level 1:colcon.colcon_core.package_identification:_identify(.) by extension 'ignore'
[0.990s] Level 1:colcon.colcon_core.package_identification:_identify(.) by extension 'ignore_ament_install'
[0.990s] Level 1:colcon.colcon_core.package_identification:_identify(.) by extensions ['colcon_pkg']
[0.990s] Level 1:colcon.colcon_core.package_identification:_identify(.) by extension 'colcon_pkg'
[0.990s] Level 1:colcon.colcon_core.package_identification:_identify(.) by extensions ['colcon_meta']
[0.990s] Level 1:colcon.colcon_core.package_identification:_identify(.) by extension 'colcon_meta'
[0.990s] Level 1:colcon.colcon_core.package_identification:_identify(.) by extensions ['ros']
[0.990s] Level 1:colcon.colcon_core.package_identification:_identify(.) by extension 'ros'
[1.000s] Level 1:colcon.colcon_core.package_identification:_identify(.) by extensions ['cmake', 'python']
[1.000s] Level 1:colcon.colcon_core.package_identification:_identify(.) by extension 'cmake'
[1.000s] Level 1:colcon.colcon_core.package_identification:_identify(.) by extension 'python'
[1.000s] Level 1:colcon.colcon_core.package_identification:_identify(.) by extensions ['python_setup_py']
[1.000s] Level 1:colcon.colcon_core.package_identification:_identify(.) by extension 'python_setup_py'
[1.000s] Level 1:colcon.colcon_core.package_identification:_identify(build) by extensions ['ignore', 'ignore_ament_install']
[1.000s] Level 1:colcon.colcon_core.package_identification:_identify(build) by extension 'ignore'
[1.001s] Level 1:colcon.colcon_core.package_identification:_identify(build) ignored
[1.001s] Level 1:colcon.colcon_core.package_identification:_identify(hector_gazebo-humble-devel) by extensions ['ignore', 'ignore_ament_install']
[1.001s] Level 1:colcon.colcon_core.package_identification:_identify(hector_gazebo-humble-devel) by extension 'ignore'
[1.001s] Level 1:colcon.colcon_core.package_identification:_identify(hector_gazebo-humble-devel) by extension 'ignore_ament_install'
[1.001s] Level 1:colcon.colcon_core.package_identification:_identify(hector_gazebo-humble-devel) by extensions ['colcon_pkg']
[1.001s] Level 1:colcon.colcon_core.package_identification:_identify(hector_gazebo-humble-devel) by extension 'colcon_pkg'
[1.001s] Level 1:colcon.colcon_core.package_identification:_identify(hector_gazebo-humble-devel) by extensions ['colcon_meta']
[1.001s] Level 1:colcon.colcon_core.package_identification:_identify(hector_gazebo-humble-devel) by extension 'colcon_meta'
[1.001s] Level 1:colcon.colcon_core.package_identification:_identify(hector_gazebo-humble-devel) by extensions ['ros']
[1.001s] Level 1:colcon.colcon_core.package_identification:_identify(hector_gazebo-humble-devel) by extension 'ros'
[1.001s] Level 1:colcon.colcon_core.package_identification:_identify(hector_gazebo-humble-devel) by extensions ['cmake', 'python']
[1.001s] Level 1:colcon.colcon_core.package_identification:_identify(hector_gazebo-humble-devel) by extension 'cmake'
[1.001s] Level 1:colcon.colcon_core.package_identification:_identify(hector_gazebo-humble-devel) by extension 'python'
[1.001s] Level 1:colcon.colcon_core.package_identification:_identify(hector_gazebo-humble-devel) by extensions ['python_setup_py']
[1.001s] Level 1:colcon.colcon_core.package_identification:_identify(hector_gazebo-humble-devel) by extension 'python_setup_py'
[1.002s] Level 1:colcon.colcon_core.package_identification:_identify(hector_gazebo-humble-devel/hector_gazebo) by extensions ['ignore', 'ignore_ament_install']
[1.002s] Level 1:colcon.colcon_core.package_identification:_identify(hector_gazebo-humble-devel/hector_gazebo) by extension 'ignore'
[1.002s] Level 1:colcon.colcon_core.package_identification:_identify(hector_gazebo-humble-devel/hector_gazebo) by extension 'ignore_ament_install'
[1.002s] Level 1:colcon.colcon_core.package_identification:_identify(hector_gazebo-humble-devel/hector_gazebo) by extensions ['colcon_pkg']
[1.002s] Level 1:colcon.colcon_core.package_identification:_identify(hector_gazebo-humble-devel/hector_gazebo) by extension 'colcon_pkg'
[1.002s] Level 1:colcon.colcon_core.package_identification:_identify(hector_gazebo-humble-devel/hector_gazebo) by extensions ['colcon_meta']
[1.002s] Level 1:colcon.colcon_core.package_identification:_identify(hector_gazebo-humble-devel/hector_gazebo) by extension 'colcon_meta'
[1.002s] Level 1:colcon.colcon_core.package_identification:_identify(hector_gazebo-humble-devel/hector_gazebo) by extensions ['ros']
[1.002s] Level 1:colcon.colcon_core.package_identification:_identify(hector_gazebo-humble-devel/hector_gazebo) by extension 'ros'
[1.004s] DEBUG:colcon.colcon_core.package_identification:Package 'hector_gazebo-humble-devel/hector_gazebo' with type 'ros.ament_cmake' and name 'hector_gazebo'
[1.004s] Level 1:colcon.colcon_core.package_identification:_identify(hector_gazebo-humble-devel/hector_gazebo_plugins) by extensions ['ignore', 'ignore_ament_install']
[1.004s] Level 1:colcon.colcon_core.package_identification:_identify(hector_gazebo-humble-devel/hector_gazebo_plugins) by extension 'ignore'
[1.004s] Level 1:colcon.colcon_core.package_identification:_identify(hector_gazebo-humble-devel/hector_gazebo_plugins) by extension 'ignore_ament_install'
[1.005s] Level 1:colcon.colcon_core.package_identification:_identify(hector_gazebo-humble-devel/hector_gazebo_plugins) by extensions ['colcon_pkg']
[1.005s] Level 1:colcon.colcon_core.package_identification:_identify(hector_gazebo-humble-devel/hector_gazebo_plugins) by extension 'colcon_pkg'
[1.005s] Level 1:colcon.colcon_core.package_identification:_identify(hector_gazebo-humble-devel/hector_gazebo_plugins) by extensions ['colcon_meta']
[1.005s] Level 1:colcon.colcon_core.package_identification:_identify(hector_gazebo-humble-devel/hector_gazebo_plugins) by extension 'colcon_meta'
[1.005s] Level 1:colcon.colcon_core.package_identification:_identify(hector_gazebo-humble-devel/hector_gazebo_plugins) by extensions ['ros']
[1.005s] Level 1:colcon.colcon_core.package_identification:_identify(hector_gazebo-humble-devel/hector_gazebo_plugins) by extension 'ros'
[1.005s] DEBUG:colcon.colcon_core.package_identification:Package 'hector_gazebo-humble-devel/hector_gazebo_plugins' with type 'ros.ament_cmake' and name 'hector_gazebo_plugins'
[1.006s] Level 1:colcon.colcon_core.package_identification:_identify(hector_gazebo-humble-devel/hector_gazebo_thermal_camera) by extensions ['ignore', 'ignore_ament_install']
[1.006s] Level 1:colcon.colcon_core.package_identification:_identify(hector_gazebo-humble-devel/hector_gazebo_thermal_camera) by extension 'ignore'
[1.006s] Level 1:colcon.colcon_core.package_identification:_identify(hector_gazebo-humble-devel/hector_gazebo_thermal_camera) by extension 'ignore_ament_install'
[1.006s] Level 1:colcon.colcon_core.package_identification:_identify(hector_gazebo-humble-devel/hector_gazebo_thermal_camera) by extensions ['colcon_pkg']
[1.006s] Level 1:colcon.colcon_core.package_identification:_identify(hector_gazebo-humble-devel/hector_gazebo_thermal_camera) by extension 'colcon_pkg'
[1.006s] Level 1:colcon.colcon_core.package_identification:_identify(hector_gazebo-humble-devel/hector_gazebo_thermal_camera) by extensions ['colcon_meta']
[1.006s] Level 1:colcon.colcon_core.package_identification:_identify(hector_gazebo-humble-devel/hector_gazebo_thermal_camera) by extension 'colcon_meta'
[1.006s] Level 1:colcon.colcon_core.package_identification:_identify(hector_gazebo-humble-devel/hector_gazebo_thermal_camera) by extensions ['ros']
[1.006s] Level 1:colcon.colcon_core.package_identification:_identify(hector_gazebo-humble-devel/hector_gazebo_thermal_camera) by extension 'ros'
[1.006s] Level 1:colcon.colcon_core.package_identification:_identify(hector_gazebo-humble-devel/hector_gazebo_thermal_camera) by extensions ['cmake', 'python']
[1.006s] Level 1:colcon.colcon_core.package_identification:_identify(hector_gazebo-humble-devel/hector_gazebo_thermal_camera) by extension 'cmake'
[1.006s] Level 1:colcon.colcon_core.package_identification:_identify(hector_gazebo-humble-devel/hector_gazebo_thermal_camera) by extension 'python'
[1.007s] Level 1:colcon.colcon_core.package_identification:_identify(hector_gazebo-humble-devel/hector_gazebo_thermal_camera) by extensions ['python_setup_py']
[1.007s] Level 1:colcon.colcon_core.package_identification:_identify(hector_gazebo-humble-devel/hector_gazebo_thermal_camera) by extension 'python_setup_py'
[1.007s] Level 1:colcon.colcon_core.package_identification:_identify(hector_gazebo-humble-devel/hector_gazebo_thermal_camera/include) by extensions ['ignore', 'ignore_ament_install']
[1.007s] Level 1:colcon.colcon_core.package_identification:_identify(hector_gazebo-humble-devel/hector_gazebo_thermal_camera/include) by extension 'ignore'
[1.007s] Level 1:colcon.colcon_core.package_identification:_identify(hector_gazebo-humble-devel/hector_gazebo_thermal_camera/include) by extension 'ignore_ament_install'
[1.007s] Level 1:colcon.colcon_core.package_identification:_identify(hector_gazebo-humble-devel/hector_gazebo_thermal_camera/include) by extensions ['colcon_pkg']
[1.007s] Level 1:colcon.colcon_core.package_identification:_identify(hector_gazebo-humble-devel/hector_gazebo_thermal_camera/include) by extension 'colcon_pkg'
[1.007s] Level 1:colcon.colcon_core.package_identification:_identify(hector_gazebo-humble-devel/hector_gazebo_thermal_camera/include) by extensions ['colcon_meta']
[1.007s] Level 1:colcon.colcon_core.package_identification:_identify(hector_gazebo-humble-devel/hector_gazebo_thermal_camera/include) by extension 'colcon_meta'
[1.007s] Level 1:colcon.colcon_core.package_identification:_identify(hector_gazebo-humble-devel/hector_gazebo_thermal_camera/include) by extensions ['ros']
[1.007s] Level 1:colcon.colcon_core.package_identification:_identify(hector_gazebo-humble-devel/hector_gazebo_thermal_camera/include) by extension 'ros'
[1.007s] Level 1:colcon.colcon_core.package_identification:_identify(hector_gazebo-humble-devel/hector_gazebo_thermal_camera/include) by extensions ['cmake', 'python']
[1.007s] Level 1:colcon.colcon_core.package_identification:_identify(hector_gazebo-humble-devel/hector_gazebo_thermal_camera/include) by extension 'cmake'
[1.007s] Level 1:colcon.colcon_core.package_identification:_identify(hector_gazebo-humble-devel/hector_gazebo_thermal_camera/include) by extension 'python'
[1.007s] Level 1:colcon.colcon_core.package_identification:_identify(hector_gazebo-humble-devel/hector_gazebo_thermal_camera/include) by extensions ['python_setup_py']
[1.007s] Level 1:colcon.colcon_core.package_identification:_identify(hector_gazebo-humble-devel/hector_gazebo_thermal_camera/include) by extension 'python_setup_py'
[1.007s] Level 1:colcon.colcon_core.package_identification:_identify(hector_gazebo-humble-devel/hector_gazebo_thermal_camera/include/hector_gazebo_thermal_camera) by extensions ['ignore', 'ignore_ament_install']
[1.008s] Level 1:colcon.colcon_core.package_identification:_identify(hector_gazebo-humble-devel/hector_gazebo_thermal_camera/include/hector_gazebo_thermal_camera) by extension 'ignore'
[1.008s] Level 1:colcon.colcon_core.package_identification:_identify(hector_gazebo-humble-devel/hector_gazebo_thermal_camera/include/hector_gazebo_thermal_camera) by extension 'ignore_ament_install'
[1.008s] Level 1:colcon.colcon_core.package_identification:_identify(hector_gazebo-humble-devel/hector_gazebo_thermal_camera/include/hector_gazebo_thermal_camera) by extensions ['colcon_pkg']
[1.008s] Level 1:colcon.colcon_core.package_identification:_identify(hector_gazebo-humble-devel/hector_gazebo_thermal_camera/include/hector_gazebo_thermal_camera) by extension 'colcon_pkg'
[1.008s] Level 1:colcon.colcon_core.package_identification:_identify(hector_gazebo-humble-devel/hector_gazebo_thermal_camera/include/hector_gazebo_thermal_camera) by extensions ['colcon_meta']
[1.008s] Level 1:colcon.colcon_core.package_identification:_identify(hector_gazebo-humble-devel/hector_gazebo_thermal_camera/include/hector_gazebo_thermal_camera) by extension 'colcon_meta'
[1.008s] Level 1:colcon.colcon_core.package_identification:_identify(hector_gazebo-humble-devel/hector_gazebo_thermal_camera/include/hector_gazebo_thermal_camera) by extensions ['ros']
[1.008s] Level 1:colcon.colcon_core.package_identification:_identify(hector_gazebo-humble-devel/hector_gazebo_thermal_camera/include/hector_gazebo_thermal_camera) by extension 'ros'
[1.008s] Level 1:colcon.colcon_core.package_identification:_identify(hector_gazebo-humble-devel/hector_gazebo_thermal_camera/include/hector_gazebo_thermal_camera) by extensions ['cmake', 'python']
[1.008s] Level 1:colcon.colcon_core.package_identification:_identify(hector_gazebo-humble-devel/hector_gazebo_thermal_camera/include/hector_gazebo_thermal_camera) by extension 'cmake'
[1.008s] Level 1:colcon.colcon_core.package_identification:_identify(hector_gazebo-humble-devel/hector_gazebo_thermal_camera/include/hector_gazebo_thermal_camera) by extension 'python'
[1.008s] Level 1:colcon.colcon_core.package_identification:_identify(hector_gazebo-humble-devel/hector_gazebo_thermal_camera/include/hector_gazebo_thermal_camera) by extensions ['python_setup_py']
[1.008s] Level 1:colcon.colcon_core.package_identification:_identify(hector_gazebo-humble-devel/hector_gazebo_thermal_camera/include/hector_gazebo_thermal_camera) by extension 'python_setup_py'
[1.008s] Level 1:colcon.colcon_core.package_identification:_identify(hector_gazebo-humble-devel/hector_gazebo_thermal_camera/src) by extensions ['ignore', 'ignore_ament_install']
[1.008s] Level 1:colcon.colcon_core.package_identification:_identify(hector_gazebo-humble-devel/hector_gazebo_thermal_camera/src) by extension 'ignore'
[1.008s] Level 1:colcon.colcon_core.package_identification:_identify(hector_gazebo-humble-devel/hector_gazebo_thermal_camera/src) by extension 'ignore_ament_install'
[1.008s] Level 1:colcon.colcon_core.package_identification:_identify(hector_gazebo-humble-devel/hector_gazebo_thermal_camera/src) by extensions ['colcon_pkg']
[1.008s] Level 1:colcon.colcon_core.package_identification:_identify(hector_gazebo-humble-devel/hector_gazebo_thermal_camera/src) by extension 'colcon_pkg'
[1.009s] Level 1:colcon.colcon_core.package_identification:_identify(hector_gazebo-humble-devel/hector_gazebo_thermal_camera/src) by extensions ['colcon_meta']
[1.009s] Level 1:colcon.colcon_core.package_identification:_identify(hector_gazebo-humble-devel/hector_gazebo_thermal_camera/src) by extension 'colcon_meta'
[1.009s] Level 1:colcon.colcon_core.package_identification:_identify(hector_gazebo-humble-devel/hector_gazebo_thermal_camera/src) by extensions ['ros']
[1.009s] Level 1:colcon.colcon_core.package_identification:_identify(hector_gazebo-humble-devel/hector_gazebo_thermal_camera/src) by extension 'ros'
[1.009s] Level 1:colcon.colcon_core.package_identification:_identify(hector_gazebo-humble-devel/hector_gazebo_thermal_camera/src) by extensions ['cmake', 'python']
[1.009s] Level 1:colcon.colcon_core.package_identification:_identify(hector_gazebo-humble-devel/hector_gazebo_thermal_camera/src) by extension 'cmake'
[1.009s] Level 1:colcon.colcon_core.package_identification:_identify(hector_gazebo-humble-devel/hector_gazebo_thermal_camera/src) by extension 'python'
[1.009s] Level 1:colcon.colcon_core.package_identification:_identify(hector_gazebo-humble-devel/hector_gazebo_thermal_camera/src) by extensions ['python_setup_py']
[1.009s] Level 1:colcon.colcon_core.package_identification:_identify(hector_gazebo-humble-devel/hector_gazebo_thermal_camera/src) by extension 'python_setup_py'
[1.009s] Level 1:colcon.colcon_core.package_identification:_identify(hector_gazebo-humble-devel/hector_gazebo_worlds) by extensions ['ignore', 'ignore_ament_install']
[1.009s] Level 1:colcon.colcon_core.package_identification:_identify(hector_gazebo-humble-devel/hector_gazebo_worlds) by extension 'ignore'
[1.009s] Level 1:colcon.colcon_core.package_identification:_identify(hector_gazebo-humble-devel/hector_gazebo_worlds) by extension 'ignore_ament_install'
[1.009s] Level 1:colcon.colcon_core.package_identification:_identify(hector_gazebo-humble-devel/hector_gazebo_worlds) by extensions ['colcon_pkg']
[1.009s] Level 1:colcon.colcon_core.package_identification:_identify(hector_gazebo-humble-devel/hector_gazebo_worlds) by extension 'colcon_pkg'
[1.009s] Level 1:colcon.colcon_core.package_identification:_identify(hector_gazebo-humble-devel/hector_gazebo_worlds) by extensions ['colcon_meta']
[1.009s] Level 1:colcon.colcon_core.package_identification:_identify(hector_gazebo-humble-devel/hector_gazebo_worlds) by extension 'colcon_meta'
[1.009s] Level 1:colcon.colcon_core.package_identification:_identify(hector_gazebo-humble-devel/hector_gazebo_worlds) by extensions ['ros']
[1.009s] Level 1:colcon.colcon_core.package_identification:_identify(hector_gazebo-humble-devel/hector_gazebo_worlds) by extension 'ros'
[1.010s] DEBUG:colcon.colcon_core.package_identification:Package 'hector_gazebo-humble-devel/hector_gazebo_worlds' with type 'ros.ament_cmake' and name 'hector_gazebo_worlds'
[1.010s] Level 1:colcon.colcon_core.package_identification:_identify(hector_gazebo-humble-devel/hector_sensors_gazebo) by extensions ['ignore', 'ignore_ament_install']
[1.010s] Level 1:colcon.colcon_core.package_identification:_identify(hector_gazebo-humble-devel/hector_sensors_gazebo) by extension 'ignore'
[1.010s] Level 1:colcon.colcon_core.package_identification:_identify(hector_gazebo-humble-devel/hector_sensors_gazebo) by extension 'ignore_ament_install'
[1.010s] Level 1:colcon.colcon_core.package_identification:_identify(hector_gazebo-humble-devel/hector_sensors_gazebo) by extensions ['colcon_pkg']
[1.010s] Level 1:colcon.colcon_core.package_identification:_identify(hector_gazebo-humble-devel/hector_sensors_gazebo) by extension 'colcon_pkg'
[1.010s] Level 1:colcon.colcon_core.package_identification:_identify(hector_gazebo-humble-devel/hector_sensors_gazebo) by extensions ['colcon_meta']
[1.010s] Level 1:colcon.colcon_core.package_identification:_identify(hector_gazebo-humble-devel/hector_sensors_gazebo) by extension 'colcon_meta'
[1.010s] Level 1:colcon.colcon_core.package_identification:_identify(hector_gazebo-humble-devel/hector_sensors_gazebo) by extensions ['ros']
[1.010s] Level 1:colcon.colcon_core.package_identification:_identify(hector_gazebo-humble-devel/hector_sensors_gazebo) by extension 'ros'
[1.011s] Level 1:colcon.colcon_core.package_identification:_identify(hector_gazebo-humble-devel/hector_sensors_gazebo) by extensions ['cmake', 'python']
[1.011s] Level 1:colcon.colcon_core.package_identification:_identify(hector_gazebo-humble-devel/hector_sensors_gazebo) by extension 'cmake'
[1.011s] Level 1:colcon.colcon_core.package_identification:_identify(hector_gazebo-humble-devel/hector_sensors_gazebo) by extension 'python'
[1.011s] Level 1:colcon.colcon_core.package_identification:_identify(hector_gazebo-humble-devel/hector_sensors_gazebo) by extensions ['python_setup_py']
[1.011s] Level 1:colcon.colcon_core.package_identification:_identify(hector_gazebo-humble-devel/hector_sensors_gazebo) by extension 'python_setup_py'
[1.011s] Level 1:colcon.colcon_core.package_identification:_identify(install) by extensions ['ignore', 'ignore_ament_install']
[1.011s] Level 1:colcon.colcon_core.package_identification:_identify(install) by extension 'ignore'
[1.011s] Level 1:colcon.colcon_core.package_identification:_identify(install) ignored
[1.011s] Level 1:colcon.colcon_core.package_identification:_identify(log) by extensions ['ignore', 'ignore_ament_install']
[1.011s] Level 1:colcon.colcon_core.package_identification:_identify(log) by extension 'ignore'
[1.011s] Level 1:colcon.colcon_core.package_identification:_identify(log) ignored
[1.011s] Level 1:colcon.colcon_core.package_identification:_identify(pol_bunker) by extensions ['ignore', 'ignore_ament_install']
[1.012s] Level 1:colcon.colcon_core.package_identification:_identify(pol_bunker) by extension 'ignore'
[1.012s] Level 1:colcon.colcon_core.package_identification:_identify(pol_bunker) by extension 'ignore_ament_install'
[1.012s] Level 1:colcon.colcon_core.package_identification:_identify(pol_bunker) by extensions ['colcon_pkg']
[1.012s] Level 1:colcon.colcon_core.package_identification:_identify(pol_bunker) by extension 'colcon_pkg'
[1.012s] Level 1:colcon.colcon_core.package_identification:_identify(pol_bunker) by extensions ['colcon_meta']
[1.012s] Level 1:colcon.colcon_core.package_identification:_identify(pol_bunker) by extension 'colcon_meta'
[1.012s] Level 1:colcon.colcon_core.package_identification:_identify(pol_bunker) by extensions ['ros']
[1.012s] Level 1:colcon.colcon_core.package_identification:_identify(pol_bunker) by extension 'ros'
[1.012s] DEBUG:colcon.colcon_core.package_identification:Package 'pol_bunker' with type 'ros.ament_python' and name 'pol_bunker'
[1.012s] Level 1:colcon.colcon_core.package_identification:_identify(py_pkg) by extensions ['ignore', 'ignore_ament_install']
[1.013s] Level 1:colcon.colcon_core.package_identification:_identify(py_pkg) by extension 'ignore'
[1.013s] Level 1:colcon.colcon_core.package_identification:_identify(py_pkg) by extension 'ignore_ament_install'
[1.013s] Level 1:colcon.colcon_core.package_identification:_identify(py_pkg) by extensions ['colcon_pkg']
[1.013s] Level 1:colcon.colcon_core.package_identification:_identify(py_pkg) by extension 'colcon_pkg'
[1.013s] Level 1:colcon.colcon_core.package_identification:_identify(py_pkg) by extensions ['colcon_meta']
[1.013s] Level 1:colcon.colcon_core.package_identification:_identify(py_pkg) by extension 'colcon_meta'
[1.013s] Level 1:colcon.colcon_core.package_identification:_identify(py_pkg) by extensions ['ros']
[1.013s] Level 1:colcon.colcon_core.package_identification:_identify(py_pkg) by extension 'ros'
[1.013s] DEBUG:colcon.colcon_core.package_identification:Package 'py_pkg' with type 'ros.ament_python' and name 'py_pkg'
[1.013s] Level 1:colcon.colcon_core.package_discovery:discover_packages(recursive) using defaults
[1.014s] Level 1:colcon.colcon_core.package_discovery:discover_packages(ignore) discover
[1.014s] Level 1:colcon.colcon_core.package_discovery:discover_packages(ignore) using defaults
[1.014s] Level 1:colcon.colcon_core.package_discovery:discover_packages(path) discover
[1.014s] Level 1:colcon.colcon_core.package_discovery:discover_packages(path) using defaults
[1.093s] Level 1:colcon.colcon_core.package_discovery:discover_packages(prefix_path) check parameters
[1.093s] Level 1:colcon.colcon_core.package_discovery:discover_packages(prefix_path) discover
[1.119s] DEBUG:colcon.colcon_installed_package_information.package_discovery:Found 3 installed packages in /home/ubuntu/dev_ws/install
[1.133s] DEBUG:colcon.colcon_installed_package_information.package_discovery:Found 382 installed packages in /opt/ros/humble
[1.134s] Level 1:colcon.colcon_core.package_discovery:discover_packages(prefix_path) using defaults
[1.240s] Level 5:colcon.colcon_core.verb:set package 'hector_gazebo_plugins' build argument 'cmake_args' from command line to 'None'
[1.240s] Level 5:colcon.colcon_core.verb:set package 'hector_gazebo_plugins' build argument 'cmake_target' from command line to 'None'
[1.240s] Level 5:colcon.colcon_core.verb:set package 'hector_gazebo_plugins' build argument 'cmake_target_skip_unavailable' from command line to 'False'
[1.240s] Level 5:colcon.colcon_core.verb:set package 'hector_gazebo_plugins' build argument 'cmake_clean_cache' from command line to 'False'
[1.240s] Level 5:colcon.colcon_core.verb:set package 'hector_gazebo_plugins' build argument 'cmake_clean_first' from command line to 'False'
[1.240s] Level 5:colcon.colcon_core.verb:set package 'hector_gazebo_plugins' build argument 'cmake_force_configure' from command line to 'False'
[1.240s] Level 5:colcon.colcon_core.verb:set package 'hector_gazebo_plugins' build argument 'ament_cmake_args' from command line to 'None'
[1.240s] Level 5:colcon.colcon_core.verb:set package 'hector_gazebo_plugins' build argument 'catkin_cmake_args' from command line to 'None'
[1.240s] Level 5:colcon.colcon_core.verb:set package 'hector_gazebo_plugins' build argument 'catkin_skip_building_tests' from command line to 'False'
[1.240s] DEBUG:colcon.colcon_core.verb:Building package 'hector_gazebo_plugins' with the following arguments: {'ament_cmake_args': None, 'build_base': '/home/ubuntu/dev_ws/src/build/hector_gazebo_plugins', 'catkin_cmake_args': None, 'catkin_skip_building_tests': False, 'cmake_args': None, 'cmake_clean_cache': False, 'cmake_clean_first': False, 'cmake_force_configure': False, 'cmake_target': None, 'cmake_target_skip_unavailable': False, 'install_base': '/home/ubuntu/dev_ws/src/install/hector_gazebo_plugins', 'merge_install': False, 'path': '/home/ubuntu/dev_ws/src/hector_gazebo-humble-devel/hector_gazebo_plugins', 'symlink_install': False, 'test_result_base': None}
[1.253s] Level 5:colcon.colcon_core.verb:set package 'pol_bunker' build argument 'cmake_args' from command line to 'None'
[1.253s] Level 5:colcon.colcon_core.verb:set package 'pol_bunker' build argument 'cmake_target' from command line to 'None'
[1.253s] Level 5:colcon.colcon_core.verb:set package 'pol_bunker' build argument 'cmake_target_skip_unavailable' from command line to 'False'
[1.253s] Level 5:colcon.colcon_core.verb:set package 'pol_bunker' build argument 'cmake_clean_cache' from command line to 'False'
[1.253s] Level 5:colcon.colcon_core.verb:set package 'pol_bunker' build argument 'cmake_clean_first' from command line to 'False'
[1.253s] Level 5:colcon.colcon_core.verb:set package 'pol_bunker' build argument 'cmake_force_configure' from command line to 'False'
[1.253s] Level 5:colcon.colcon_core.verb:set package 'pol_bunker' build argument 'ament_cmake_args' from command line to 'None'
[1.253s] Level 5:colcon.colcon_core.verb:set package 'pol_bunker' build argument 'catkin_cmake_args' from command line to 'None'
[1.253s] Level 5:colcon.colcon_core.verb:set package 'pol_bunker' build argument 'catkin_skip_building_tests' from command line to 'False'
[1.253s] DEBUG:colcon.colcon_core.verb:Building package 'pol_bunker' with the following arguments: {'ament_cmake_args': None, 'build_base': '/home/ubuntu/dev_ws/src/build/pol_bunker', 'catkin_cmake_args': None, 'catkin_skip_building_tests': False, 'cmake_args': None, 'cmake_clean_cache': False, 'cmake_clean_first': False, 'cmake_force_configure': False, 'cmake_target': None, 'cmake_target_skip_unavailable': False, 'install_base': '/home/ubuntu/dev_ws/src/install/pol_bunker', 'merge_install': False, 'path': '/home/ubuntu/dev_ws/src/pol_bunker', 'symlink_install': False, 'test_result_base': None}
[1.267s] Level 5:colcon.colcon_core.verb:set package 'py_pkg' build argument 'cmake_args' from command line to 'None'
[1.267s] Level 5:colcon.colcon_core.verb:set package 'py_pkg' build argument 'cmake_target' from command line to 'None'
[1.267s] Level 5:colcon.colcon_core.verb:set package 'py_pkg' build argument 'cmake_target_skip_unavailable' from command line to 'False'
[1.267s] Level 5:colcon.colcon_core.verb:set package 'py_pkg' build argument 'cmake_clean_cache' from command line to 'False'
[1.267s] Level 5:colcon.colcon_core.verb:set package 'py_pkg' build argument 'cmake_clean_first' from command line to 'False'
[1.267s] Level 5:colcon.colcon_core.verb:set package 'py_pkg' build argument 'cmake_force_configure' from command line to 'False'
[1.267s] Level 5:colcon.colcon_core.verb:set package 'py_pkg' build argument 'ament_cmake_args' from command line to 'None'
[1.267s] Level 5:colcon.colcon_core.verb:set package 'py_pkg' build argument 'catkin_cmake_args' from command line to 'None'
[1.267s] Level 5:colcon.colcon_core.verb:set package 'py_pkg' build argument 'catkin_skip_building_tests' from command line to 'False'
[1.267s] DEBUG:colcon.colcon_core.verb:Building package 'py_pkg' with the following arguments: {'ament_cmake_args': None, 'build_base': '/home/ubuntu/dev_ws/src/build/py_pkg', 'catkin_cmake_args': None, 'catkin_skip_building_tests': False, 'cmake_args': None, 'cmake_clean_cache': False, 'cmake_clean_first': False, 'cmake_force_configure': False, 'cmake_target': None, 'cmake_target_skip_unavailable': False, 'install_base': '/home/ubuntu/dev_ws/src/install/py_pkg', 'merge_install': False, 'path': '/home/ubuntu/dev_ws/src/py_pkg', 'symlink_install': False, 'test_result_base': None}
[1.280s] Level 5:colcon.colcon_core.verb:set package 'hector_gazebo_worlds' build argument 'cmake_args' from command line to 'None'
[1.280s] Level 5:colcon.colcon_core.verb:set package 'hector_gazebo_worlds' build argument 'cmake_target' from command line to 'None'
[1.280s] Level 5:colcon.colcon_core.verb:set package 'hector_gazebo_worlds' build argument 'cmake_target_skip_unavailable' from command line to 'False'
[1.280s] Level 5:colcon.colcon_core.verb:set package 'hector_gazebo_worlds' build argument 'cmake_clean_cache' from command line to 'False'
[1.280s] Level 5:colcon.colcon_core.verb:set package 'hector_gazebo_worlds' build argument 'cmake_clean_first' from command line to 'False'
[1.280s] Level 5:colcon.colcon_core.verb:set package 'hector_gazebo_worlds' build argument 'cmake_force_configure' from command line to 'False'
[1.280s] Level 5:colcon.colcon_core.verb:set package 'hector_gazebo_worlds' build argument 'ament_cmake_args' from command line to 'None'
[1.280s] Level 5:colcon.colcon_core.verb:set package 'hector_gazebo_worlds' build argument 'catkin_cmake_args' from command line to 'None'
[1.280s] Level 5:colcon.colcon_core.verb:set package 'hector_gazebo_worlds' build argument 'catkin_skip_building_tests' from command line to 'False'
[1.280s] DEBUG:colcon.colcon_core.verb:Building package 'hector_gazebo_worlds' with the following arguments: {'ament_cmake_args': None, 'build_base': '/home/ubuntu/dev_ws/src/build/hector_gazebo_worlds', 'catkin_cmake_args': None, 'catkin_skip_building_tests': False, 'cmake_args': None, 'cmake_clean_cache': False, 'cmake_clean_first': False, 'cmake_force_configure': False, 'cmake_target': None, 'cmake_target_skip_unavailable': False, 'install_base': '/home/ubuntu/dev_ws/src/install/hector_gazebo_worlds', 'merge_install': False, 'path': '/home/ubuntu/dev_ws/src/hector_gazebo-humble-devel/hector_gazebo_worlds', 'symlink_install': False, 'test_result_base': None}
[1.293s] Level 5:colcon.colcon_core.verb:set package 'hector_gazebo' build argument 'cmake_args' from command line to 'None'
[1.293s] Level 5:colcon.colcon_core.verb:set package 'hector_gazebo' build argument 'cmake_target' from command line to 'None'
[1.293s] Level 5:colcon.colcon_core.verb:set package 'hector_gazebo' build argument 'cmake_target_skip_unavailable' from command line to 'False'
[1.293s] Level 5:colcon.colcon_core.verb:set package 'hector_gazebo' build argument 'cmake_clean_cache' from command line to 'False'
[1.293s] Level 5:colcon.colcon_core.verb:set package 'hector_gazebo' build argument 'cmake_clean_first' from command line to 'False'
[1.293s] Level 5:colcon.colcon_core.verb:set package 'hector_gazebo' build argument 'cmake_force_configure' from command line to 'False'
[1.293s] Level 5:colcon.colcon_core.verb:set package 'hector_gazebo' build argument 'ament_cmake_args' from command line to 'None'
[1.293s] Level 5:colcon.colcon_core.verb:set package 'hector_gazebo' build argument 'catkin_cmake_args' from command line to 'None'
[1.293s] Level 5:colcon.colcon_core.verb:set package 'hector_gazebo' build argument 'catkin_skip_building_tests' from command line to 'False'
[1.293s] DEBUG:colcon.colcon_core.verb:Building package 'hector_gazebo' with the following arguments: {'ament_cmake_args': None, 'build_base': '/home/ubuntu/dev_ws/src/build/hector_gazebo', 'catkin_cmake_args': None, 'catkin_skip_building_tests': False, 'cmake_args': None, 'cmake_clean_cache': False, 'cmake_clean_first': False, 'cmake_force_configure': False, 'cmake_target': None, 'cmake_target_skip_unavailable': False, 'install_base': '/home/ubuntu/dev_ws/src/install/hector_gazebo', 'merge_install': False, 'path': '/home/ubuntu/dev_ws/src/hector_gazebo-humble-devel/hector_gazebo', 'symlink_install': False, 'test_result_base': None}
[1.306s] INFO:colcon.colcon_core.executor:Executing jobs using 'parallel' executor
[1.319s] DEBUG:colcon.colcon_parallel_executor.executor.parallel:run_until_complete
[1.320s] INFO:colcon.colcon_ros.task.ament_cmake.build:Building ROS package in '/home/ubuntu/dev_ws/src/hector_gazebo-humble-devel/hector_gazebo_plugins' with build type 'ament_cmake'
[1.320s] INFO:colcon.colcon_cmake.task.cmake.build:Building CMake package in '/home/ubuntu/dev_ws/src/hector_gazebo-humble-devel/hector_gazebo_plugins'
[1.336s] INFO:colcon.colcon_core.plugin_system:Skipping extension 'colcon_core.shell.bat': Not used on non-Windows systems
[1.337s] INFO:colcon.colcon_core.shell:Skip shell extension 'powershell' for command environment: Not usable outside of PowerShell
[1.337s] DEBUG:colcon.colcon_core.shell:Skip shell extension 'dsv' for command environment
[1.379s] INFO:colcon.colcon_ros.task.ament_python.build:Building ROS package in '/home/ubuntu/dev_ws/src/pol_bunker' with build type 'ament_python'
[1.379s] Level 1:colcon.colcon_core.shell:create_environment_hook('pol_bunker', 'ament_prefix_path')
[1.393s] INFO:colcon.colcon_core.shell:Creating environment hook '/home/ubuntu/dev_ws/src/install/pol_bunker/share/pol_bunker/hook/ament_prefix_path.ps1'
[1.395s] INFO:colcon.colcon_core.shell:Creating environment descriptor '/home/ubuntu/dev_ws/src/install/pol_bunker/share/pol_bunker/hook/ament_prefix_path.dsv'
[1.395s] INFO:colcon.colcon_core.shell:Creating environment hook '/home/ubuntu/dev_ws/src/install/pol_bunker/share/pol_bunker/hook/ament_prefix_path.sh'
[1.409s] INFO:colcon.colcon_core.shell:Skip shell extension 'powershell' for command environment: Not usable outside of PowerShell
[1.409s] DEBUG:colcon.colcon_core.shell:Skip shell extension 'dsv' for command environment
[1.453s] INFO:colcon.colcon_ros.task.ament_python.build:Building ROS package in '/home/ubuntu/dev_ws/src/py_pkg' with build type 'ament_python'
[1.454s] Level 1:colcon.colcon_core.shell:create_environment_hook('py_pkg', 'ament_prefix_path')
[1.470s] INFO:colcon.colcon_core.shell:Creating environment hook '/home/ubuntu/dev_ws/src/install/py_pkg/share/py_pkg/hook/ament_prefix_path.ps1'
[1.471s] INFO:colcon.colcon_core.shell:Creating environment descriptor '/home/ubuntu/dev_ws/src/install/py_pkg/share/py_pkg/hook/ament_prefix_path.dsv'
[1.472s] INFO:colcon.colcon_core.shell:Creating environment hook '/home/ubuntu/dev_ws/src/install/py_pkg/share/py_pkg/hook/ament_prefix_path.sh'
[1.486s] INFO:colcon.colcon_core.shell:Skip shell extension 'powershell' for command environment: Not usable outside of PowerShell
[1.486s] DEBUG:colcon.colcon_core.shell:Skip shell extension 'dsv' for command environment
[1.537s] DEBUG:colcon.colcon_core.event_handler.log_command:Invoking command in '/home/ubuntu/dev_ws/src/build/hector_gazebo_plugins': CMAKE_PREFIX_PATH=/home/ubuntu/dev_ws/install/py_pkg:/opt/ros/humble /usr/bin/cmake /home/ubuntu/dev_ws/src/hector_gazebo-humble-devel/hector_gazebo_plugins -DCMAKE_INSTALL_PREFIX=/home/ubuntu/dev_ws/src/install/hector_gazebo_plugins
[1.835s] INFO:colcon.colcon_core.task.python.build:Building Python package in '/home/ubuntu/dev_ws/src/pol_bunker'
[1.850s] INFO:colcon.colcon_core.shell:Skip shell extension 'powershell' for command environment: Not usable outside of PowerShell
[1.851s] DEBUG:colcon.colcon_core.shell:Skip shell extension 'dsv' for command environment
[2.159s] INFO:colcon.colcon_core.task.python.build:Building Python package in '/home/ubuntu/dev_ws/src/py_pkg'
[2.173s] INFO:colcon.colcon_core.shell:Skip shell extension 'powershell' for command environment: Not usable outside of PowerShell
[2.173s] DEBUG:colcon.colcon_core.shell:Skip shell extension 'dsv' for command environment
[2.603s] DEBUG:colcon.colcon_core.event_handler.log_command:Invoking command in '/home/ubuntu/dev_ws/src/pol_bunker': PYTHONPATH=/home/ubuntu/dev_ws/src/build/pol_bunker/prefix_override:/home/ubuntu/dev_ws/src/install/pol_bunker/lib/python3.10/site-packages:${PYTHONPATH} /usr/bin/python3 setup.py egg_info --egg-base ../build/pol_bunker build --build-base /home/ubuntu/dev_ws/src/build/pol_bunker/build install --record /home/ubuntu/dev_ws/src/build/pol_bunker/install.log --single-version-externally-managed
[2.604s] DEBUG:colcon.colcon_core.event_handler.log_command:Invoking command in '/home/ubuntu/dev_ws/src/py_pkg': PYTHONPATH=/home/ubuntu/dev_ws/src/build/py_pkg/prefix_override:/home/ubuntu/dev_ws/src/install/py_pkg/lib/python3.10/site-packages:${PYTHONPATH} /usr/bin/python3 setup.py egg_info --egg-base ../build/py_pkg build --build-base /home/ubuntu/dev_ws/src/build/py_pkg/build install --record /home/ubuntu/dev_ws/src/build/py_pkg/install.log --single-version-externally-managed
[2.922s] DEBUG:colcon.colcon_core.event_handler.log_command:Invoked command in '/home/ubuntu/dev_ws/src/py_pkg' returned '0': PYTHONPATH=/home/ubuntu/dev_ws/src/build/py_pkg/prefix_override:/home/ubuntu/dev_ws/src/install/py_pkg/lib/python3.10/site-packages:${PYTHONPATH} /usr/bin/python3 setup.py egg_info --egg-base ../build/py_pkg build --build-base /home/ubuntu/dev_ws/src/build/py_pkg/build install --record /home/ubuntu/dev_ws/src/build/py_pkg/install.log --single-version-externally-managed
[2.938s] Level 1:colcon.colcon_core.environment:checking '/home/ubuntu/dev_ws/src/install/py_pkg' for CMake module files
[2.939s] Level 1:colcon.colcon_core.environment:checking '/home/ubuntu/dev_ws/src/install/py_pkg' for CMake config files
[2.939s] Level 1:colcon.colcon_core.environment:checking '/home/ubuntu/dev_ws/src/install/py_pkg/lib'
[2.940s] Level 1:colcon.colcon_core.environment:checking '/home/ubuntu/dev_ws/src/install/py_pkg/bin'
[2.940s] Level 1:colcon.colcon_core.environment:checking '/home/ubuntu/dev_ws/src/install/py_pkg/lib/pkgconfig/py_pkg.pc'
[2.940s] Level 1:colcon.colcon_core.environment:checking '/home/ubuntu/dev_ws/src/install/py_pkg/lib/python3.10/site-packages'
[2.940s] Level 1:colcon.colcon_core.shell:create_environment_hook('py_pkg', 'pythonpath')
[2.954s] INFO:colcon.colcon_core.shell:Creating environment hook '/home/ubuntu/dev_ws/src/install/py_pkg/share/py_pkg/hook/pythonpath.ps1'
[2.955s] INFO:colcon.colcon_core.shell:Creating environment descriptor '/home/ubuntu/dev_ws/src/install/py_pkg/share/py_pkg/hook/pythonpath.dsv'
[2.955s] INFO:colcon.colcon_core.shell:Creating environment hook '/home/ubuntu/dev_ws/src/install/py_pkg/share/py_pkg/hook/pythonpath.sh'
[2.955s] Level 1:colcon.colcon_core.environment:checking '/home/ubuntu/dev_ws/src/install/py_pkg/bin'
[2.955s] Level 1:colcon.colcon_core.environment:create_environment_scripts_only(py_pkg)
[2.970s] INFO:colcon.colcon_core.shell:Creating package script '/home/ubuntu/dev_ws/src/install/py_pkg/share/py_pkg/package.ps1'
[2.970s] INFO:colcon.colcon_core.shell:Creating package descriptor '/home/ubuntu/dev_ws/src/install/py_pkg/share/py_pkg/package.dsv'
[2.971s] INFO:colcon.colcon_core.shell:Creating package script '/home/ubuntu/dev_ws/src/install/py_pkg/share/py_pkg/package.sh'
[2.971s] INFO:colcon.colcon_core.shell:Creating package script '/home/ubuntu/dev_ws/src/install/py_pkg/share/py_pkg/package.bash'
[2.972s] INFO:colcon.colcon_core.shell:Creating package script '/home/ubuntu/dev_ws/src/install/py_pkg/share/py_pkg/package.zsh'
[2.973s] Level 1:colcon.colcon_core.environment:create_file_with_runtime_dependencies(/home/ubuntu/dev_ws/src/install/py_pkg/share/colcon-core/packages/py_pkg)
[2.977s] DEBUG:colcon.colcon_core.event_handler.log_command:Invoked command in '/home/ubuntu/dev_ws/src/pol_bunker' returned '0': PYTHONPATH=/home/ubuntu/dev_ws/src/build/pol_bunker/prefix_override:/home/ubuntu/dev_ws/src/install/pol_bunker/lib/python3.10/site-packages:${PYTHONPATH} /usr/bin/python3 setup.py egg_info --egg-base ../build/pol_bunker build --build-base /home/ubuntu/dev_ws/src/build/pol_bunker/build install --record /home/ubuntu/dev_ws/src/build/pol_bunker/install.log --single-version-externally-managed
[2.991s] Level 1:colcon.colcon_core.environment:checking '/home/ubuntu/dev_ws/src/install/pol_bunker' for CMake module files
[2.991s] Level 1:colcon.colcon_core.environment:checking '/home/ubuntu/dev_ws/src/install/pol_bunker' for CMake config files
[2.992s] Level 1:colcon.colcon_core.environment:checking '/home/ubuntu/dev_ws/src/install/pol_bunker/lib'
[2.992s] Level 1:colcon.colcon_core.environment:checking '/home/ubuntu/dev_ws/src/install/pol_bunker/bin'
[2.992s] Level 1:colcon.colcon_core.environment:checking '/home/ubuntu/dev_ws/src/install/pol_bunker/lib/pkgconfig/pol_bunker.pc'
[2.992s] Level 1:colcon.colcon_core.environment:checking '/home/ubuntu/dev_ws/src/install/pol_bunker/lib/python3.10/site-packages'
[2.992s] Level 1:colcon.colcon_core.shell:create_environment_hook('pol_bunker', 'pythonpath')
[3.006s] INFO:colcon.colcon_core.shell:Creating environment hook '/home/ubuntu/dev_ws/src/install/pol_bunker/share/pol_bunker/hook/pythonpath.ps1'
[3.006s] INFO:colcon.colcon_core.shell:Creating environment descriptor '/home/ubuntu/dev_ws/src/install/pol_bunker/share/pol_bunker/hook/pythonpath.dsv'
[3.006s] INFO:colcon.colcon_core.shell:Creating environment hook '/home/ubuntu/dev_ws/src/install/pol_bunker/share/pol_bunker/hook/pythonpath.sh'
[3.007s] Level 1:colcon.colcon_core.environment:checking '/home/ubuntu/dev_ws/src/install/pol_bunker/bin'
[3.007s] Level 1:colcon.colcon_core.environment:create_environment_scripts_only(pol_bunker)
[3.021s] INFO:colcon.colcon_core.shell:Creating package script '/home/ubuntu/dev_ws/src/install/pol_bunker/share/pol_bunker/package.ps1'
[3.022s] INFO:colcon.colcon_core.shell:Creating package descriptor '/home/ubuntu/dev_ws/src/install/pol_bunker/share/pol_bunker/package.dsv'
[3.023s] INFO:colcon.colcon_core.shell:Creating package script '/home/ubuntu/dev_ws/src/install/pol_bunker/share/pol_bunker/package.sh'
[3.023s] INFO:colcon.colcon_core.shell:Creating package script '/home/ubuntu/dev_ws/src/install/pol_bunker/share/pol_bunker/package.bash'
[3.024s] INFO:colcon.colcon_core.shell:Creating package script '/home/ubuntu/dev_ws/src/install/pol_bunker/share/pol_bunker/package.zsh'
[3.024s] Level 1:colcon.colcon_core.environment:create_file_with_runtime_dependencies(/home/ubuntu/dev_ws/src/install/pol_bunker/share/colcon-core/packages/pol_bunker)
[38.943s] DEBUG:colcon.colcon_core.event_handler.log_command:Invoked command in '/home/ubuntu/dev_ws/src/build/hector_gazebo_plugins' returned '1': CMAKE_PREFIX_PATH=/home/ubuntu/dev_ws/install/py_pkg:/opt/ros/humble /usr/bin/cmake /home/ubuntu/dev_ws/src/hector_gazebo-humble-devel/hector_gazebo_plugins -DCMAKE_INSTALL_PREFIX=/home/ubuntu/dev_ws/src/install/hector_gazebo_plugins
[38.961s] Level 1:colcon.colcon_core.environment:create_environment_scripts_only(hector_gazebo_plugins)
[38.983s] Level 1:colcon.colcon_core.environment:checking '/home/ubuntu/dev_ws/src/install/hector_gazebo_plugins' for CMake module files
[38.983s] Level 1:colcon.colcon_core.environment:checking '/home/ubuntu/dev_ws/src/install/hector_gazebo_plugins' for CMake config files
[38.984s] Level 1:colcon.colcon_core.environment:checking '/home/ubuntu/dev_ws/src/install/hector_gazebo_plugins/bin'
[38.984s] Level 1:colcon.colcon_core.environment:checking '/home/ubuntu/dev_ws/src/install/hector_gazebo_plugins/lib/pkgconfig/hector_gazebo_plugins.pc'
[38.984s] Level 1:colcon.colcon_core.environment:checking '/home/ubuntu/dev_ws/src/install/hector_gazebo_plugins/lib/python3.10/site-packages'
[38.984s] Level 1:colcon.colcon_core.environment:checking '/home/ubuntu/dev_ws/src/install/hector_gazebo_plugins/bin'
[39.005s] INFO:colcon.colcon_core.shell:Creating package script '/home/ubuntu/dev_ws/src/install/hector_gazebo_plugins/share/hector_gazebo_plugins/package.ps1'
[39.006s] INFO:colcon.colcon_core.shell:Creating package descriptor '/home/ubuntu/dev_ws/src/install/hector_gazebo_plugins/share/hector_gazebo_plugins/package.dsv'
[39.007s] INFO:colcon.colcon_core.shell:Creating package script '/home/ubuntu/dev_ws/src/install/hector_gazebo_plugins/share/hector_gazebo_plugins/package.sh'
[39.007s] INFO:colcon.colcon_core.shell:Creating package script '/home/ubuntu/dev_ws/src/install/hector_gazebo_plugins/share/hector_gazebo_plugins/package.bash'
[39.008s] INFO:colcon.colcon_core.shell:Creating package script '/home/ubuntu/dev_ws/src/install/hector_gazebo_plugins/share/hector_gazebo_plugins/package.zsh'
[39.008s] Level 1:colcon.colcon_core.environment:create_file_with_runtime_dependencies(/home/ubuntu/dev_ws/src/install/hector_gazebo_plugins/share/colcon-core/packages/hector_gazebo_plugins)
[39.019s] DEBUG:colcon.colcon_parallel_executor.executor.parallel:closing loop
[39.019s] DEBUG:colcon.colcon_parallel_executor.executor.parallel:loop closed
[39.020s] DEBUG:colcon.colcon_parallel_executor.executor.parallel:run_until_complete finished with '1'
[39.020s] DEBUG:colcon.colcon_core.event_reactor:joining thread
[39.098s] INFO:colcon.colcon_core.plugin_system:Skipping extension 'colcon_notification.desktop_notification.notify_send': Could not find 'notify-send'
[39.098s] INFO:colcon.colcon_core.plugin_system:Skipping extension 'colcon_notification.desktop_notification.terminal_notifier': Not used on non-Darwin systems
[39.099s] INFO:colcon.colcon_core.plugin_system:Skipping extension 'colcon_notification.desktop_notification.win32': Not used on non-Windows systems
[39.099s] INFO:colcon.colcon_notification.desktop_notification:Sending desktop notification using 'notify2'
[39.099s] DEBUG:colcon.colcon_notification.desktop_notification.notify2:Failed to initialize notify2: org.freedesktop.DBus.Error.FileNotFound: Failed to connect to socket /run/user/1000/bus: No such file or directory
[39.099s] DEBUG:colcon.colcon_core.event_reactor:joined thread
[39.120s] INFO:colcon.colcon_core.shell:Creating prefix script '/home/ubuntu/dev_ws/src/install/local_setup.ps1'
[39.122s] INFO:colcon.colcon_core.shell:Creating prefix util module '/home/ubuntu/dev_ws/src/install/_local_setup_util_ps1.py'
[39.124s] INFO:colcon.colcon_core.shell:Creating prefix chain script '/home/ubuntu/dev_ws/src/install/setup.ps1'
[39.145s] INFO:colcon.colcon_core.shell:Creating prefix script '/home/ubuntu/dev_ws/src/install/local_setup.sh'
[39.146s] INFO:colcon.colcon_core.shell:Creating prefix util module '/home/ubuntu/dev_ws/src/install/_local_setup_util_sh.py'
[39.146s] INFO:colcon.colcon_core.shell:Creating prefix chain script '/home/ubuntu/dev_ws/src/install/setup.sh'
[39.177s] INFO:colcon.colcon_core.shell:Creating prefix script '/home/ubuntu/dev_ws/src/install/local_setup.bash'
[39.178s] INFO:colcon.colcon_core.shell:Creating prefix chain script '/home/ubuntu/dev_ws/src/install/setup.bash'
[39.210s] INFO:colcon.colcon_core.shell:Creating prefix script '/home/ubuntu/dev_ws/src/install/local_setup.zsh'
[39.211s] INFO:colcon.colcon_core.shell:Creating prefix chain script '/home/ubuntu/dev_ws/src/install/setup.zsh'
