[0.932s] DEBUG:colcon:Command line arguments: ['/usr/bin/colcon', 'build']
[0.932s] DEBUG:colcon:Parsed command line arguments: Namespace(log_base=None, log_level=None, verb_name='build', build_base='build', install_base='install', merge_install=False, symlink_install=False, test_result_base=None, continue_on_error=False, executor='parallel', parallel_workers=8, event_handlers=None, ignore_user_meta=False, metas=['./colcon.meta'], base_paths=['.'], packages_ignore=None, packages_ignore_regex=None, paths=None, packages_up_to=None, packages_up_to_regex=None, packages_above=None, packages_above_and_dependencies=None, packages_above_depth=None, packages_select_by_dep=None, packages_skip_by_dep=None, packages_skip_up_to=None, packages_select_build_failed=False, packages_skip_build_finished=False, packages_select_test_failures=False, packages_skip_test_passed=False, packages_select=None, packages_skip=None, packages_select_regex=None, packages_skip_regex=None, packages_start=None, packages_end=None, allow_overriding=[], cmake_args=None, cmake_target=None, cmake_target_skip_unavailable=False, cmake_clean_cache=False, cmake_clean_first=False, cmake_force_configure=False, ament_cmake_args=None, catkin_cmake_args=None, catkin_skip_building_tests=False, verb_parser=<colcon_defaults.argument_parser.defaults.DefaultArgumentsDecorator object at 0x7ff04fd82fe0>, verb_extension=<colcon_core.verb.build.BuildVerb object at 0x7ff04fd44610>, main=<bound method BuildVerb.main of <colcon_core.verb.build.BuildVerb object at 0x7ff04fd44610>>)
[0.973s] Level 1:colcon.colcon_core.package_discovery:discover_packages(colcon_meta) check parameters
[0.973s] Level 1:colcon.colcon_core.package_discovery:discover_packages(recursive) check parameters
[0.973s] Level 1:colcon.colcon_core.package_discovery:discover_packages(ignore) check parameters
[0.973s] Level 1:colcon.colcon_core.package_discovery:discover_packages(path) check parameters
[0.973s] Level 1:colcon.colcon_core.package_discovery:discover_packages(colcon_meta) discover
[0.973s] Level 1:colcon.colcon_core.package_discovery:discover_packages(recursive) discover
[0.973s] INFO:colcon.colcon_core.package_discovery:Crawling recursively for packages in '/home/ubuntu/dev_ws/src'
[0.973s] Level 1:colcon.colcon_core.package_identification:_identify(.) by extensions ['ignore', 'ignore_ament_install']
[0.973s] Level 1:colcon.colcon_core.package_identification:_identify(.) by extension 'ignore'
[0.974s] Level 1:colcon.colcon_core.package_identification:_identify(.) by extension 'ignore_ament_install'
[0.974s] Level 1:colcon.colcon_core.package_identification:_identify(.) by extensions ['colcon_pkg']
[0.974s] Level 1:colcon.colcon_core.package_identification:_identify(.) by extension 'colcon_pkg'
[0.974s] Level 1:colcon.colcon_core.package_identification:_identify(.) by extensions ['colcon_meta']
[0.974s] Level 1:colcon.colcon_core.package_identification:_identify(.) by extension 'colcon_meta'
[0.974s] Level 1:colcon.colcon_core.package_identification:_identify(.) by extensions ['ros']
[0.974s] Level 1:colcon.colcon_core.package_identification:_identify(.) by extension 'ros'
[0.985s] Level 1:colcon.colcon_core.package_identification:_identify(.) by extensions ['cmake', 'python']
[0.985s] Level 1:colcon.colcon_core.package_identification:_identify(.) by extension 'cmake'
[0.985s] Level 1:colcon.colcon_core.package_identification:_identify(.) by extension 'python'
[0.985s] Level 1:colcon.colcon_core.package_identification:_identify(.) by extensions ['python_setup_py']
[0.985s] Level 1:colcon.colcon_core.package_identification:_identify(.) by extension 'python_setup_py'
[0.985s] Level 1:colcon.colcon_core.package_identification:_identify(build) by extensions ['ignore', 'ignore_ament_install']
[0.985s] Level 1:colcon.colcon_core.package_identification:_identify(build) by extension 'ignore'
[0.985s] Level 1:colcon.colcon_core.package_identification:_identify(build) ignored
[0.985s] Level 1:colcon.colcon_core.package_identification:_identify(hector_gazebo-humble-devel) by extensions ['ignore', 'ignore_ament_install']
[0.985s] Level 1:colcon.colcon_core.package_identification:_identify(hector_gazebo-humble-devel) by extension 'ignore'
[0.986s] Level 1:colcon.colcon_core.package_identification:_identify(hector_gazebo-humble-devel) by extension 'ignore_ament_install'
[0.986s] Level 1:colcon.colcon_core.package_identification:_identify(hector_gazebo-humble-devel) by extensions ['colcon_pkg']
[0.986s] Level 1:colcon.colcon_core.package_identification:_identify(hector_gazebo-humble-devel) by extension 'colcon_pkg'
[0.986s] Level 1:colcon.colcon_core.package_identification:_identify(hector_gazebo-humble-devel) by extensions ['colcon_meta']
[0.986s] Level 1:colcon.colcon_core.package_identification:_identify(hector_gazebo-humble-devel) by extension 'colcon_meta'
[0.986s] Level 1:colcon.colcon_core.package_identification:_identify(hector_gazebo-humble-devel) by extensions ['ros']
[0.986s] Level 1:colcon.colcon_core.package_identification:_identify(hector_gazebo-humble-devel) by extension 'ros'
[0.986s] Level 1:colcon.colcon_core.package_identification:_identify(hector_gazebo-humble-devel) by extensions ['cmake', 'python']
[0.986s] Level 1:colcon.colcon_core.package_identification:_identify(hector_gazebo-humble-devel) by extension 'cmake'
[0.986s] Level 1:colcon.colcon_core.package_identification:_identify(hector_gazebo-humble-devel) by extension 'python'
[0.986s] Level 1:colcon.colcon_core.package_identification:_identify(hector_gazebo-humble-devel) by extensions ['python_setup_py']
[0.986s] Level 1:colcon.colcon_core.package_identification:_identify(hector_gazebo-humble-devel) by extension 'python_setup_py'
[0.986s] Level 1:colcon.colcon_core.package_identification:_identify(hector_gazebo-humble-devel/hector_gazebo) by extensions ['ignore', 'ignore_ament_install']
[0.986s] Level 1:colcon.colcon_core.package_identification:_identify(hector_gazebo-humble-devel/hector_gazebo) by extension 'ignore'
[0.986s] Level 1:colcon.colcon_core.package_identification:_identify(hector_gazebo-humble-devel/hector_gazebo) by extension 'ignore_ament_install'
[0.986s] Level 1:colcon.colcon_core.package_identification:_identify(hector_gazebo-humble-devel/hector_gazebo) by extensions ['colcon_pkg']
[0.986s] Level 1:colcon.colcon_core.package_identification:_identify(hector_gazebo-humble-devel/hector_gazebo) by extension 'colcon_pkg'
[0.987s] Level 1:colcon.colcon_core.package_identification:_identify(hector_gazebo-humble-devel/hector_gazebo) by extensions ['colcon_meta']
[0.987s] Level 1:colcon.colcon_core.package_identification:_identify(hector_gazebo-humble-devel/hector_gazebo) by extension 'colcon_meta'
[0.987s] Level 1:colcon.colcon_core.package_identification:_identify(hector_gazebo-humble-devel/hector_gazebo) by extensions ['ros']
[0.987s] Level 1:colcon.colcon_core.package_identification:_identify(hector_gazebo-humble-devel/hector_gazebo) by extension 'ros'
[0.989s] DEBUG:colcon.colcon_core.package_identification:Package 'hector_gazebo-humble-devel/hector_gazebo' with type 'ros.ament_cmake' and name 'hector_gazebo'
[0.989s] Level 1:colcon.colcon_core.package_identification:_identify(hector_gazebo-humble-devel/hector_gazebo_plugins) by extensions ['ignore', 'ignore_ament_install']
[0.989s] Level 1:colcon.colcon_core.package_identification:_identify(hector_gazebo-humble-devel/hector_gazebo_plugins) by extension 'ignore'
[0.989s] Level 1:colcon.colcon_core.package_identification:_identify(hector_gazebo-humble-devel/hector_gazebo_plugins) by extension 'ignore_ament_install'
[0.989s] Level 1:colcon.colcon_core.package_identification:_identify(hector_gazebo-humble-devel/hector_gazebo_plugins) by extensions ['colcon_pkg']
[0.989s] Level 1:colcon.colcon_core.package_identification:_identify(hector_gazebo-humble-devel/hector_gazebo_plugins) by extension 'colcon_pkg'
[0.989s] Level 1:colcon.colcon_core.package_identification:_identify(hector_gazebo-humble-devel/hector_gazebo_plugins) by extensions ['colcon_meta']
[0.989s] Level 1:colcon.colcon_core.package_identification:_identify(hector_gazebo-humble-devel/hector_gazebo_plugins) by extension 'colcon_meta'
[0.989s] Level 1:colcon.colcon_core.package_identification:_identify(hector_gazebo-humble-devel/hector_gazebo_plugins) by extensions ['ros']
[0.989s] Level 1:colcon.colcon_core.package_identification:_identify(hector_gazebo-humble-devel/hector_gazebo_plugins) by extension 'ros'
[0.990s] DEBUG:colcon.colcon_core.package_identification:Package 'hector_gazebo-humble-devel/hector_gazebo_plugins' with type 'ros.ament_cmake' and name 'hector_gazebo_plugins'
[0.990s] Level 1:colcon.colcon_core.package_identification:_identify(hector_gazebo-humble-devel/hector_gazebo_thermal_camera) by extensions ['ignore', 'ignore_ament_install']
[0.990s] Level 1:colcon.colcon_core.package_identification:_identify(hector_gazebo-humble-devel/hector_gazebo_thermal_camera) by extension 'ignore'
[0.990s] Level 1:colcon.colcon_core.package_identification:_identify(hector_gazebo-humble-devel/hector_gazebo_thermal_camera) by extension 'ignore_ament_install'
[0.991s] Level 1:colcon.colcon_core.package_identification:_identify(hector_gazebo-humble-devel/hector_gazebo_thermal_camera) by extensions ['colcon_pkg']
[0.991s] Level 1:colcon.colcon_core.package_identification:_identify(hector_gazebo-humble-devel/hector_gazebo_thermal_camera) by extension 'colcon_pkg'
[0.991s] Level 1:colcon.colcon_core.package_identification:_identify(hector_gazebo-humble-devel/hector_gazebo_thermal_camera) by extensions ['colcon_meta']
[0.991s] Level 1:colcon.colcon_core.package_identification:_identify(hector_gazebo-humble-devel/hector_gazebo_thermal_camera) by extension 'colcon_meta'
[0.991s] Level 1:colcon.colcon_core.package_identification:_identify(hector_gazebo-humble-devel/hector_gazebo_thermal_camera) by extensions ['ros']
[0.991s] Level 1:colcon.colcon_core.package_identification:_identify(hector_gazebo-humble-devel/hector_gazebo_thermal_camera) by extension 'ros'
[0.991s] Level 1:colcon.colcon_core.package_identification:_identify(hector_gazebo-humble-devel/hector_gazebo_thermal_camera) by extensions ['cmake', 'python']
[0.991s] Level 1:colcon.colcon_core.package_identification:_identify(hector_gazebo-humble-devel/hector_gazebo_thermal_camera) by extension 'cmake'
[0.991s] Level 1:colcon.colcon_core.package_identification:_identify(hector_gazebo-humble-devel/hector_gazebo_thermal_camera) by extension 'python'
[0.991s] Level 1:colcon.colcon_core.package_identification:_identify(hector_gazebo-humble-devel/hector_gazebo_thermal_camera) by extensions ['python_setup_py']
[0.991s] Level 1:colcon.colcon_core.package_identification:_identify(hector_gazebo-humble-devel/hector_gazebo_thermal_camera) by extension 'python_setup_py'
[0.991s] Level 1:colcon.colcon_core.package_identification:_identify(hector_gazebo-humble-devel/hector_gazebo_thermal_camera/include) by extensions ['ignore', 'ignore_ament_install']
[0.991s] Level 1:colcon.colcon_core.package_identification:_identify(hector_gazebo-humble-devel/hector_gazebo_thermal_camera/include) by extension 'ignore'
[0.991s] Level 1:colcon.colcon_core.package_identification:_identify(hector_gazebo-humble-devel/hector_gazebo_thermal_camera/include) by extension 'ignore_ament_install'
[0.991s] Level 1:colcon.colcon_core.package_identification:_identify(hector_gazebo-humble-devel/hector_gazebo_thermal_camera/include) by extensions ['colcon_pkg']
[0.991s] Level 1:colcon.colcon_core.package_identification:_identify(hector_gazebo-humble-devel/hector_gazebo_thermal_camera/include) by extension 'colcon_pkg'
[0.991s] Level 1:colcon.colcon_core.package_identification:_identify(hector_gazebo-humble-devel/hector_gazebo_thermal_camera/include) by extensions ['colcon_meta']
[0.991s] Level 1:colcon.colcon_core.package_identification:_identify(hector_gazebo-humble-devel/hector_gazebo_thermal_camera/include) by extension 'colcon_meta'
[0.992s] Level 1:colcon.colcon_core.package_identification:_identify(hector_gazebo-humble-devel/hector_gazebo_thermal_camera/include) by extensions ['ros']
[0.992s] Level 1:colcon.colcon_core.package_identification:_identify(hector_gazebo-humble-devel/hector_gazebo_thermal_camera/include) by extension 'ros'
[0.992s] Level 1:colcon.colcon_core.package_identification:_identify(hector_gazebo-humble-devel/hector_gazebo_thermal_camera/include) by extensions ['cmake', 'python']
[0.992s] Level 1:colcon.colcon_core.package_identification:_identify(hector_gazebo-humble-devel/hector_gazebo_thermal_camera/include) by extension 'cmake'
[0.992s] Level 1:colcon.colcon_core.package_identification:_identify(hector_gazebo-humble-devel/hector_gazebo_thermal_camera/include) by extension 'python'
[0.992s] Level 1:colcon.colcon_core.package_identification:_identify(hector_gazebo-humble-devel/hector_gazebo_thermal_camera/include) by extensions ['python_setup_py']
[0.992s] Level 1:colcon.colcon_core.package_identification:_identify(hector_gazebo-humble-devel/hector_gazebo_thermal_camera/include) by extension 'python_setup_py'
[0.992s] Level 1:colcon.colcon_core.package_identification:_identify(hector_gazebo-humble-devel/hector_gazebo_thermal_camera/include/hector_gazebo_thermal_camera) by extensions ['ignore', 'ignore_ament_install']
[0.992s] Level 1:colcon.colcon_core.package_identification:_identify(hector_gazebo-humble-devel/hector_gazebo_thermal_camera/include/hector_gazebo_thermal_camera) by extension 'ignore'
[0.992s] Level 1:colcon.colcon_core.package_identification:_identify(hector_gazebo-humble-devel/hector_gazebo_thermal_camera/include/hector_gazebo_thermal_camera) by extension 'ignore_ament_install'
[0.992s] Level 1:colcon.colcon_core.package_identification:_identify(hector_gazebo-humble-devel/hector_gazebo_thermal_camera/include/hector_gazebo_thermal_camera) by extensions ['colcon_pkg']
[0.992s] Level 1:colcon.colcon_core.package_identification:_identify(hector_gazebo-humble-devel/hector_gazebo_thermal_camera/include/hector_gazebo_thermal_camera) by extension 'colcon_pkg'
[0.992s] Level 1:colcon.colcon_core.package_identification:_identify(hector_gazebo-humble-devel/hector_gazebo_thermal_camera/include/hector_gazebo_thermal_camera) by extensions ['colcon_meta']
[0.992s] Level 1:colcon.colcon_core.package_identification:_identify(hector_gazebo-humble-devel/hector_gazebo_thermal_camera/include/hector_gazebo_thermal_camera) by extension 'colcon_meta'
[0.992s] Level 1:colcon.colcon_core.package_identification:_identify(hector_gazebo-humble-devel/hector_gazebo_thermal_camera/include/hector_gazebo_thermal_camera) by extensions ['ros']
[0.992s] Level 1:colcon.colcon_core.package_identification:_identify(hector_gazebo-humble-devel/hector_gazebo_thermal_camera/include/hector_gazebo_thermal_camera) by extension 'ros'
[0.993s] Level 1:colcon.colcon_core.package_identification:_identify(hector_gazebo-humble-devel/hector_gazebo_thermal_camera/include/hector_gazebo_thermal_camera) by extensions ['cmake', 'python']
[0.993s] Level 1:colcon.colcon_core.package_identification:_identify(hector_gazebo-humble-devel/hector_gazebo_thermal_camera/include/hector_gazebo_thermal_camera) by extension 'cmake'
[0.993s] Level 1:colcon.colcon_core.package_identification:_identify(hector_gazebo-humble-devel/hector_gazebo_thermal_camera/include/hector_gazebo_thermal_camera) by extension 'python'
[0.993s] Level 1:colcon.colcon_core.package_identification:_identify(hector_gazebo-humble-devel/hector_gazebo_thermal_camera/include/hector_gazebo_thermal_camera) by extensions ['python_setup_py']
[0.993s] Level 1:colcon.colcon_core.package_identification:_identify(hector_gazebo-humble-devel/hector_gazebo_thermal_camera/include/hector_gazebo_thermal_camera) by extension 'python_setup_py'
[0.993s] Level 1:colcon.colcon_core.package_identification:_identify(hector_gazebo-humble-devel/hector_gazebo_thermal_camera/src) by extensions ['ignore', 'ignore_ament_install']
[0.993s] Level 1:colcon.colcon_core.package_identification:_identify(hector_gazebo-humble-devel/hector_gazebo_thermal_camera/src) by extension 'ignore'
[0.993s] Level 1:colcon.colcon_core.package_identification:_identify(hector_gazebo-humble-devel/hector_gazebo_thermal_camera/src) by extension 'ignore_ament_install'
[0.993s] Level 1:colcon.colcon_core.package_identification:_identify(hector_gazebo-humble-devel/hector_gazebo_thermal_camera/src) by extensions ['colcon_pkg']
[0.993s] Level 1:colcon.colcon_core.package_identification:_identify(hector_gazebo-humble-devel/hector_gazebo_thermal_camera/src) by extension 'colcon_pkg'
[0.993s] Level 1:colcon.colcon_core.package_identification:_identify(hector_gazebo-humble-devel/hector_gazebo_thermal_camera/src) by extensions ['colcon_meta']
[0.993s] Level 1:colcon.colcon_core.package_identification:_identify(hector_gazebo-humble-devel/hector_gazebo_thermal_camera/src) by extension 'colcon_meta'
[0.993s] Level 1:colcon.colcon_core.package_identification:_identify(hector_gazebo-humble-devel/hector_gazebo_thermal_camera/src) by extensions ['ros']
[0.993s] Level 1:colcon.colcon_core.package_identification:_identify(hector_gazebo-humble-devel/hector_gazebo_thermal_camera/src) by extension 'ros'
[0.993s] Level 1:colcon.colcon_core.package_identification:_identify(hector_gazebo-humble-devel/hector_gazebo_thermal_camera/src) by extensions ['cmake', 'python']
[0.993s] Level 1:colcon.colcon_core.package_identification:_identify(hector_gazebo-humble-devel/hector_gazebo_thermal_camera/src) by extension 'cmake'
[0.993s] Level 1:colcon.colcon_core.package_identification:_identify(hector_gazebo-humble-devel/hector_gazebo_thermal_camera/src) by extension 'python'
[0.994s] Level 1:colcon.colcon_core.package_identification:_identify(hector_gazebo-humble-devel/hector_gazebo_thermal_camera/src) by extensions ['python_setup_py']
[0.994s] Level 1:colcon.colcon_core.package_identification:_identify(hector_gazebo-humble-devel/hector_gazebo_thermal_camera/src) by extension 'python_setup_py'
[0.994s] Level 1:colcon.colcon_core.package_identification:_identify(hector_gazebo-humble-devel/hector_gazebo_worlds) by extensions ['ignore', 'ignore_ament_install']
[0.994s] Level 1:colcon.colcon_core.package_identification:_identify(hector_gazebo-humble-devel/hector_gazebo_worlds) by extension 'ignore'
[0.994s] Level 1:colcon.colcon_core.package_identification:_identify(hector_gazebo-humble-devel/hector_gazebo_worlds) by extension 'ignore_ament_install'
[0.994s] Level 1:colcon.colcon_core.package_identification:_identify(hector_gazebo-humble-devel/hector_gazebo_worlds) by extensions ['colcon_pkg']
[0.994s] Level 1:colcon.colcon_core.package_identification:_identify(hector_gazebo-humble-devel/hector_gazebo_worlds) by extension 'colcon_pkg'
[0.994s] Level 1:colcon.colcon_core.package_identification:_identify(hector_gazebo-humble-devel/hector_gazebo_worlds) by extensions ['colcon_meta']
[0.994s] Level 1:colcon.colcon_core.package_identification:_identify(hector_gazebo-humble-devel/hector_gazebo_worlds) by extension 'colcon_meta'
[0.994s] Level 1:colcon.colcon_core.package_identification:_identify(hector_gazebo-humble-devel/hector_gazebo_worlds) by extensions ['ros']
[0.994s] Level 1:colcon.colcon_core.package_identification:_identify(hector_gazebo-humble-devel/hector_gazebo_worlds) by extension 'ros'
[0.995s] DEBUG:colcon.colcon_core.package_identification:Package 'hector_gazebo-humble-devel/hector_gazebo_worlds' with type 'ros.ament_cmake' and name 'hector_gazebo_worlds'
[0.995s] Level 1:colcon.colcon_core.package_identification:_identify(hector_gazebo-humble-devel/hector_sensors_gazebo) by extensions ['ignore', 'ignore_ament_install']
[0.995s] Level 1:colcon.colcon_core.package_identification:_identify(hector_gazebo-humble-devel/hector_sensors_gazebo) by extension 'ignore'
[0.995s] Level 1:colcon.colcon_core.package_identification:_identify(hector_gazebo-humble-devel/hector_sensors_gazebo) by extension 'ignore_ament_install'
[0.995s] Level 1:colcon.colcon_core.package_identification:_identify(hector_gazebo-humble-devel/hector_sensors_gazebo) by extensions ['colcon_pkg']
[0.995s] Level 1:colcon.colcon_core.package_identification:_identify(hector_gazebo-humble-devel/hector_sensors_gazebo) by extension 'colcon_pkg'
[0.995s] Level 1:colcon.colcon_core.package_identification:_identify(hector_gazebo-humble-devel/hector_sensors_gazebo) by extensions ['colcon_meta']
[0.995s] Level 1:colcon.colcon_core.package_identification:_identify(hector_gazebo-humble-devel/hector_sensors_gazebo) by extension 'colcon_meta'
[0.995s] Level 1:colcon.colcon_core.package_identification:_identify(hector_gazebo-humble-devel/hector_sensors_gazebo) by extensions ['ros']
[0.995s] Level 1:colcon.colcon_core.package_identification:_identify(hector_gazebo-humble-devel/hector_sensors_gazebo) by extension 'ros'
[0.995s] Level 1:colcon.colcon_core.package_identification:_identify(hector_gazebo-humble-devel/hector_sensors_gazebo) by extensions ['cmake', 'python']
[0.995s] Level 1:colcon.colcon_core.package_identification:_identify(hector_gazebo-humble-devel/hector_sensors_gazebo) by extension 'cmake'
[0.995s] Level 1:colcon.colcon_core.package_identification:_identify(hector_gazebo-humble-devel/hector_sensors_gazebo) by extension 'python'
[0.995s] Level 1:colcon.colcon_core.package_identification:_identify(hector_gazebo-humble-devel/hector_sensors_gazebo) by extensions ['python_setup_py']
[0.995s] Level 1:colcon.colcon_core.package_identification:_identify(hector_gazebo-humble-devel/hector_sensors_gazebo) by extension 'python_setup_py'
[0.996s] Level 1:colcon.colcon_core.package_identification:_identify(install) by extensions ['ignore', 'ignore_ament_install']
[0.996s] Level 1:colcon.colcon_core.package_identification:_identify(install) by extension 'ignore'
[0.996s] Level 1:colcon.colcon_core.package_identification:_identify(install) ignored
[0.996s] Level 1:colcon.colcon_core.package_identification:_identify(log) by extensions ['ignore', 'ignore_ament_install']
[0.996s] Level 1:colcon.colcon_core.package_identification:_identify(log) by extension 'ignore'
[0.996s] Level 1:colcon.colcon_core.package_identification:_identify(log) ignored
[0.996s] Level 1:colcon.colcon_core.package_identification:_identify(pol_bunker) by extensions ['ignore', 'ignore_ament_install']
[0.996s] Level 1:colcon.colcon_core.package_identification:_identify(pol_bunker) by extension 'ignore'
[0.997s] Level 1:colcon.colcon_core.package_identification:_identify(pol_bunker) by extension 'ignore_ament_install'
[0.997s] Level 1:colcon.colcon_core.package_identification:_identify(pol_bunker) by extensions ['colcon_pkg']
[0.997s] Level 1:colcon.colcon_core.package_identification:_identify(pol_bunker) by extension 'colcon_pkg'
[0.997s] Level 1:colcon.colcon_core.package_identification:_identify(pol_bunker) by extensions ['colcon_meta']
[0.997s] Level 1:colcon.colcon_core.package_identification:_identify(pol_bunker) by extension 'colcon_meta'
[0.997s] Level 1:colcon.colcon_core.package_identification:_identify(pol_bunker) by extensions ['ros']
[0.997s] Level 1:colcon.colcon_core.package_identification:_identify(pol_bunker) by extension 'ros'
[0.997s] DEBUG:colcon.colcon_core.package_identification:Package 'pol_bunker' with type 'ros.ament_python' and name 'pol_bunker'
[0.997s] Level 1:colcon.colcon_core.package_identification:_identify(py_pkg) by extensions ['ignore', 'ignore_ament_install']
[0.997s] Level 1:colcon.colcon_core.package_identification:_identify(py_pkg) by extension 'ignore'
[0.998s] Level 1:colcon.colcon_core.package_identification:_identify(py_pkg) by extension 'ignore_ament_install'
[0.998s] Level 1:colcon.colcon_core.package_identification:_identify(py_pkg) by extensions ['colcon_pkg']
[0.998s] Level 1:colcon.colcon_core.package_identification:_identify(py_pkg) by extension 'colcon_pkg'
[0.998s] Level 1:colcon.colcon_core.package_identification:_identify(py_pkg) by extensions ['colcon_meta']
[0.998s] Level 1:colcon.colcon_core.package_identification:_identify(py_pkg) by extension 'colcon_meta'
[0.998s] Level 1:colcon.colcon_core.package_identification:_identify(py_pkg) by extensions ['ros']
[0.998s] Level 1:colcon.colcon_core.package_identification:_identify(py_pkg) by extension 'ros'
[0.998s] DEBUG:colcon.colcon_core.package_identification:Package 'py_pkg' with type 'ros.ament_python' and name 'py_pkg'
[0.998s] Level 1:colcon.colcon_core.package_discovery:discover_packages(recursive) using defaults
[0.998s] Level 1:colcon.colcon_core.package_discovery:discover_packages(ignore) discover
[0.998s] Level 1:colcon.colcon_core.package_discovery:discover_packages(ignore) using defaults
[0.999s] Level 1:colcon.colcon_core.package_discovery:discover_packages(path) discover
[0.999s] Level 1:colcon.colcon_core.package_discovery:discover_packages(path) using defaults
[1.081s] Level 1:colcon.colcon_core.package_discovery:discover_packages(prefix_path) check parameters
[1.081s] Level 1:colcon.colcon_core.package_discovery:discover_packages(prefix_path) discover
[1.107s] DEBUG:colcon.colcon_installed_package_information.package_discovery:Found 3 installed packages in /home/ubuntu/dev_ws/install
[1.121s] DEBUG:colcon.colcon_installed_package_information.package_discovery:Found 382 installed packages in /opt/ros/humble
[1.122s] Level 1:colcon.colcon_core.package_discovery:discover_packages(prefix_path) using defaults
[1.228s] Level 5:colcon.colcon_core.verb:set package 'hector_gazebo_plugins' build argument 'cmake_args' from command line to 'None'
[1.228s] Level 5:colcon.colcon_core.verb:set package 'hector_gazebo_plugins' build argument 'cmake_target' from command line to 'None'
[1.228s] Level 5:colcon.colcon_core.verb:set package 'hector_gazebo_plugins' build argument 'cmake_target_skip_unavailable' from command line to 'False'
[1.228s] Level 5:colcon.colcon_core.verb:set package 'hector_gazebo_plugins' build argument 'cmake_clean_cache' from command line to 'False'
[1.228s] Level 5:colcon.colcon_core.verb:set package 'hector_gazebo_plugins' build argument 'cmake_clean_first' from command line to 'False'
[1.228s] Level 5:colcon.colcon_core.verb:set package 'hector_gazebo_plugins' build argument 'cmake_force_configure' from command line to 'False'
[1.228s] Level 5:colcon.colcon_core.verb:set package 'hector_gazebo_plugins' build argument 'ament_cmake_args' from command line to 'None'
[1.228s] Level 5:colcon.colcon_core.verb:set package 'hector_gazebo_plugins' build argument 'catkin_cmake_args' from command line to 'None'
[1.228s] Level 5:colcon.colcon_core.verb:set package 'hector_gazebo_plugins' build argument 'catkin_skip_building_tests' from command line to 'False'
[1.228s] DEBUG:colcon.colcon_core.verb:Building package 'hector_gazebo_plugins' with the following arguments: {'ament_cmake_args': None, 'build_base': '/home/ubuntu/dev_ws/src/build/hector_gazebo_plugins', 'catkin_cmake_args': None, 'catkin_skip_building_tests': False, 'cmake_args': None, 'cmake_clean_cache': False, 'cmake_clean_first': False, 'cmake_force_configure': False, 'cmake_target': None, 'cmake_target_skip_unavailable': False, 'install_base': '/home/ubuntu/dev_ws/src/install/hector_gazebo_plugins', 'merge_install': False, 'path': '/home/ubuntu/dev_ws/src/hector_gazebo-humble-devel/hector_gazebo_plugins', 'symlink_install': False, 'test_result_base': None}
[1.241s] Level 5:colcon.colcon_core.verb:set package 'pol_bunker' build argument 'cmake_args' from command line to 'None'
[1.241s] Level 5:colcon.colcon_core.verb:set package 'pol_bunker' build argument 'cmake_target' from command line to 'None'
[1.241s] Level 5:colcon.colcon_core.verb:set package 'pol_bunker' build argument 'cmake_target_skip_unavailable' from command line to 'False'
[1.241s] Level 5:colcon.colcon_core.verb:set package 'pol_bunker' build argument 'cmake_clean_cache' from command line to 'False'
[1.241s] Level 5:colcon.colcon_core.verb:set package 'pol_bunker' build argument 'cmake_clean_first' from command line to 'False'
[1.241s] Level 5:colcon.colcon_core.verb:set package 'pol_bunker' build argument 'cmake_force_configure' from command line to 'False'
[1.241s] Level 5:colcon.colcon_core.verb:set package 'pol_bunker' build argument 'ament_cmake_args' from command line to 'None'
[1.241s] Level 5:colcon.colcon_core.verb:set package 'pol_bunker' build argument 'catkin_cmake_args' from command line to 'None'
[1.241s] Level 5:colcon.colcon_core.verb:set package 'pol_bunker' build argument 'catkin_skip_building_tests' from command line to 'False'
[1.241s] DEBUG:colcon.colcon_core.verb:Building package 'pol_bunker' with the following arguments: {'ament_cmake_args': None, 'build_base': '/home/ubuntu/dev_ws/src/build/pol_bunker', 'catkin_cmake_args': None, 'catkin_skip_building_tests': False, 'cmake_args': None, 'cmake_clean_cache': False, 'cmake_clean_first': False, 'cmake_force_configure': False, 'cmake_target': None, 'cmake_target_skip_unavailable': False, 'install_base': '/home/ubuntu/dev_ws/src/install/pol_bunker', 'merge_install': False, 'path': '/home/ubuntu/dev_ws/src/pol_bunker', 'symlink_install': False, 'test_result_base': None}
[1.255s] Level 5:colcon.colcon_core.verb:set package 'py_pkg' build argument 'cmake_args' from command line to 'None'
[1.255s] Level 5:colcon.colcon_core.verb:set package 'py_pkg' build argument 'cmake_target' from command line to 'None'
[1.255s] Level 5:colcon.colcon_core.verb:set package 'py_pkg' build argument 'cmake_target_skip_unavailable' from command line to 'False'
[1.255s] Level 5:colcon.colcon_core.verb:set package 'py_pkg' build argument 'cmake_clean_cache' from command line to 'False'
[1.255s] Level 5:colcon.colcon_core.verb:set package 'py_pkg' build argument 'cmake_clean_first' from command line to 'False'
[1.255s] Level 5:colcon.colcon_core.verb:set package 'py_pkg' build argument 'cmake_force_configure' from command line to 'False'
[1.255s] Level 5:colcon.colcon_core.verb:set package 'py_pkg' build argument 'ament_cmake_args' from command line to 'None'
[1.255s] Level 5:colcon.colcon_core.verb:set package 'py_pkg' build argument 'catkin_cmake_args' from command line to 'None'
[1.255s] Level 5:colcon.colcon_core.verb:set package 'py_pkg' build argument 'catkin_skip_building_tests' from command line to 'False'
[1.255s] DEBUG:colcon.colcon_core.verb:Building package 'py_pkg' with the following arguments: {'ament_cmake_args': None, 'build_base': '/home/ubuntu/dev_ws/src/build/py_pkg', 'catkin_cmake_args': None, 'catkin_skip_building_tests': False, 'cmake_args': None, 'cmake_clean_cache': False, 'cmake_clean_first': False, 'cmake_force_configure': False, 'cmake_target': None, 'cmake_target_skip_unavailable': False, 'install_base': '/home/ubuntu/dev_ws/src/install/py_pkg', 'merge_install': False, 'path': '/home/ubuntu/dev_ws/src/py_pkg', 'symlink_install': False, 'test_result_base': None}
[1.268s] Level 5:colcon.colcon_core.verb:set package 'hector_gazebo_worlds' build argument 'cmake_args' from command line to 'None'
[1.268s] Level 5:colcon.colcon_core.verb:set package 'hector_gazebo_worlds' build argument 'cmake_target' from command line to 'None'
[1.268s] Level 5:colcon.colcon_core.verb:set package 'hector_gazebo_worlds' build argument 'cmake_target_skip_unavailable' from command line to 'False'
[1.268s] Level 5:colcon.colcon_core.verb:set package 'hector_gazebo_worlds' build argument 'cmake_clean_cache' from command line to 'False'
[1.268s] Level 5:colcon.colcon_core.verb:set package 'hector_gazebo_worlds' build argument 'cmake_clean_first' from command line to 'False'
[1.268s] Level 5:colcon.colcon_core.verb:set package 'hector_gazebo_worlds' build argument 'cmake_force_configure' from command line to 'False'
[1.268s] Level 5:colcon.colcon_core.verb:set package 'hector_gazebo_worlds' build argument 'ament_cmake_args' from command line to 'None'
[1.269s] Level 5:colcon.colcon_core.verb:set package 'hector_gazebo_worlds' build argument 'catkin_cmake_args' from command line to 'None'
[1.269s] Level 5:colcon.colcon_core.verb:set package 'hector_gazebo_worlds' build argument 'catkin_skip_building_tests' from command line to 'False'
[1.269s] DEBUG:colcon.colcon_core.verb:Building package 'hector_gazebo_worlds' with the following arguments: {'ament_cmake_args': None, 'build_base': '/home/ubuntu/dev_ws/src/build/hector_gazebo_worlds', 'catkin_cmake_args': None, 'catkin_skip_building_tests': False, 'cmake_args': None, 'cmake_clean_cache': False, 'cmake_clean_first': False, 'cmake_force_configure': False, 'cmake_target': None, 'cmake_target_skip_unavailable': False, 'install_base': '/home/ubuntu/dev_ws/src/install/hector_gazebo_worlds', 'merge_install': False, 'path': '/home/ubuntu/dev_ws/src/hector_gazebo-humble-devel/hector_gazebo_worlds', 'symlink_install': False, 'test_result_base': None}
[1.282s] Level 5:colcon.colcon_core.verb:set package 'hector_gazebo' build argument 'cmake_args' from command line to 'None'
[1.282s] Level 5:colcon.colcon_core.verb:set package 'hector_gazebo' build argument 'cmake_target' from command line to 'None'
[1.282s] Level 5:colcon.colcon_core.verb:set package 'hector_gazebo' build argument 'cmake_target_skip_unavailable' from command line to 'False'
[1.282s] Level 5:colcon.colcon_core.verb:set package 'hector_gazebo' build argument 'cmake_clean_cache' from command line to 'False'
[1.282s] Level 5:colcon.colcon_core.verb:set package 'hector_gazebo' build argument 'cmake_clean_first' from command line to 'False'
[1.282s] Level 5:colcon.colcon_core.verb:set package 'hector_gazebo' build argument 'cmake_force_configure' from command line to 'False'
[1.282s] Level 5:colcon.colcon_core.verb:set package 'hector_gazebo' build argument 'ament_cmake_args' from command line to 'None'
[1.283s] Level 5:colcon.colcon_core.verb:set package 'hector_gazebo' build argument 'catkin_cmake_args' from command line to 'None'
[1.283s] Level 5:colcon.colcon_core.verb:set package 'hector_gazebo' build argument 'catkin_skip_building_tests' from command line to 'False'
[1.283s] DEBUG:colcon.colcon_core.verb:Building package 'hector_gazebo' with the following arguments: {'ament_cmake_args': None, 'build_base': '/home/ubuntu/dev_ws/src/build/hector_gazebo', 'catkin_cmake_args': None, 'catkin_skip_building_tests': False, 'cmake_args': None, 'cmake_clean_cache': False, 'cmake_clean_first': False, 'cmake_force_configure': False, 'cmake_target': None, 'cmake_target_skip_unavailable': False, 'install_base': '/home/ubuntu/dev_ws/src/install/hector_gazebo', 'merge_install': False, 'path': '/home/ubuntu/dev_ws/src/hector_gazebo-humble-devel/hector_gazebo', 'symlink_install': False, 'test_result_base': None}
[1.295s] INFO:colcon.colcon_core.executor:Executing jobs using 'parallel' executor
[1.308s] DEBUG:colcon.colcon_parallel_executor.executor.parallel:run_until_complete
[1.309s] INFO:colcon.colcon_ros.task.ament_cmake.build:Building ROS package in '/home/ubuntu/dev_ws/src/hector_gazebo-humble-devel/hector_gazebo_plugins' with build type 'ament_cmake'
[1.309s] INFO:colcon.colcon_cmake.task.cmake.build:Building CMake package in '/home/ubuntu/dev_ws/src/hector_gazebo-humble-devel/hector_gazebo_plugins'
[1.326s] INFO:colcon.colcon_core.plugin_system:Skipping extension 'colcon_core.shell.bat': Not used on non-Windows systems
[1.326s] INFO:colcon.colcon_core.shell:Skip shell extension 'powershell' for command environment: Not usable outside of PowerShell
[1.326s] DEBUG:colcon.colcon_core.shell:Skip shell extension 'dsv' for command environment
[1.369s] INFO:colcon.colcon_ros.task.ament_python.build:Building ROS package in '/home/ubuntu/dev_ws/src/pol_bunker' with build type 'ament_python'
[1.369s] Level 1:colcon.colcon_core.shell:create_environment_hook('pol_bunker', 'ament_prefix_path')
[1.384s] INFO:colcon.colcon_core.shell:Creating environment hook '/home/ubuntu/dev_ws/src/install/pol_bunker/share/pol_bunker/hook/ament_prefix_path.ps1'
[1.385s] INFO:colcon.colcon_core.shell:Creating environment descriptor '/home/ubuntu/dev_ws/src/install/pol_bunker/share/pol_bunker/hook/ament_prefix_path.dsv'
[1.385s] INFO:colcon.colcon_core.shell:Creating environment hook '/home/ubuntu/dev_ws/src/install/pol_bunker/share/pol_bunker/hook/ament_prefix_path.sh'
[1.399s] INFO:colcon.colcon_core.shell:Skip shell extension 'powershell' for command environment: Not usable outside of PowerShell
[1.399s] DEBUG:colcon.colcon_core.shell:Skip shell extension 'dsv' for command environment
[1.442s] INFO:colcon.colcon_ros.task.ament_python.build:Building ROS package in '/home/ubuntu/dev_ws/src/py_pkg' with build type 'ament_python'
[1.443s] Level 1:colcon.colcon_core.shell:create_environment_hook('py_pkg', 'ament_prefix_path')
[1.457s] INFO:colcon.colcon_core.shell:Creating environment hook '/home/ubuntu/dev_ws/src/install/py_pkg/share/py_pkg/hook/ament_prefix_path.ps1'
[1.458s] INFO:colcon.colcon_core.shell:Creating environment descriptor '/home/ubuntu/dev_ws/src/install/py_pkg/share/py_pkg/hook/ament_prefix_path.dsv'
[1.458s] INFO:colcon.colcon_core.shell:Creating environment hook '/home/ubuntu/dev_ws/src/install/py_pkg/share/py_pkg/hook/ament_prefix_path.sh'
[1.472s] INFO:colcon.colcon_core.shell:Skip shell extension 'powershell' for command environment: Not usable outside of PowerShell
[1.472s] DEBUG:colcon.colcon_core.shell:Skip shell extension 'dsv' for command environment
[1.527s] DEBUG:colcon.colcon_core.event_handler.log_command:Invoking command in '/home/ubuntu/dev_ws/src/build/hector_gazebo_plugins': CMAKE_PREFIX_PATH=/home/ubuntu/dev_ws/install/pol_bunker:/home/ubuntu/dev_ws/install/py_pkg:/opt/ros/humble /usr/bin/cmake /home/ubuntu/dev_ws/src/hector_gazebo-humble-devel/hector_gazebo_plugins -DCMAKE_INSTALL_PREFIX=/home/ubuntu/dev_ws/src/install/hector_gazebo_plugins
[1.769s] INFO:colcon.colcon_core.task.python.build:Building Python package in '/home/ubuntu/dev_ws/src/pol_bunker'
[1.784s] INFO:colcon.colcon_core.shell:Skip shell extension 'powershell' for command environment: Not usable outside of PowerShell
[1.784s] DEBUG:colcon.colcon_core.shell:Skip shell extension 'dsv' for command environment
[2.066s] INFO:colcon.colcon_core.task.python.build:Building Python package in '/home/ubuntu/dev_ws/src/py_pkg'
[2.080s] INFO:colcon.colcon_core.shell:Skip shell extension 'powershell' for command environment: Not usable outside of PowerShell
[2.080s] DEBUG:colcon.colcon_core.shell:Skip shell extension 'dsv' for command environment
[2.511s] DEBUG:colcon.colcon_core.event_handler.log_command:Invoking command in '/home/ubuntu/dev_ws/src/pol_bunker': PYTHONPATH=/home/ubuntu/dev_ws/src/build/pol_bunker/prefix_override:/home/ubuntu/dev_ws/src/install/pol_bunker/lib/python3.10/site-packages:${PYTHONPATH} /usr/bin/python3 setup.py egg_info --egg-base ../build/pol_bunker build --build-base /home/ubuntu/dev_ws/src/build/pol_bunker/build install --record /home/ubuntu/dev_ws/src/build/pol_bunker/install.log --single-version-externally-managed
[2.524s] DEBUG:colcon.colcon_core.event_handler.log_command:Invoking command in '/home/ubuntu/dev_ws/src/py_pkg': PYTHONPATH=/home/ubuntu/dev_ws/src/build/py_pkg/prefix_override:/home/ubuntu/dev_ws/src/install/py_pkg/lib/python3.10/site-packages:${PYTHONPATH} /usr/bin/python3 setup.py egg_info --egg-base ../build/py_pkg build --build-base /home/ubuntu/dev_ws/src/build/py_pkg/build install --record /home/ubuntu/dev_ws/src/build/py_pkg/install.log --single-version-externally-managed
[2.812s] DEBUG:colcon.colcon_core.event_handler.log_command:Invoked command in '/home/ubuntu/dev_ws/src/pol_bunker' returned '0': PYTHONPATH=/home/ubuntu/dev_ws/src/build/pol_bunker/prefix_override:/home/ubuntu/dev_ws/src/install/pol_bunker/lib/python3.10/site-packages:${PYTHONPATH} /usr/bin/python3 setup.py egg_info --egg-base ../build/pol_bunker build --build-base /home/ubuntu/dev_ws/src/build/pol_bunker/build install --record /home/ubuntu/dev_ws/src/build/pol_bunker/install.log --single-version-externally-managed
[2.830s] Level 1:colcon.colcon_core.environment:checking '/home/ubuntu/dev_ws/src/install/pol_bunker' for CMake module files
[2.831s] Level 1:colcon.colcon_core.environment:checking '/home/ubuntu/dev_ws/src/install/pol_bunker' for CMake config files
[2.831s] Level 1:colcon.colcon_core.environment:checking '/home/ubuntu/dev_ws/src/install/pol_bunker/lib'
[2.832s] Level 1:colcon.colcon_core.environment:checking '/home/ubuntu/dev_ws/src/install/pol_bunker/bin'
[2.832s] Level 1:colcon.colcon_core.environment:checking '/home/ubuntu/dev_ws/src/install/pol_bunker/lib/pkgconfig/pol_bunker.pc'
[2.832s] Level 1:colcon.colcon_core.environment:checking '/home/ubuntu/dev_ws/src/install/pol_bunker/lib/python3.10/site-packages'
[2.832s] Level 1:colcon.colcon_core.shell:create_environment_hook('pol_bunker', 'pythonpath')
[2.846s] INFO:colcon.colcon_core.shell:Creating environment hook '/home/ubuntu/dev_ws/src/install/pol_bunker/share/pol_bunker/hook/pythonpath.ps1'
[2.847s] INFO:colcon.colcon_core.shell:Creating environment descriptor '/home/ubuntu/dev_ws/src/install/pol_bunker/share/pol_bunker/hook/pythonpath.dsv'
[2.847s] INFO:colcon.colcon_core.shell:Creating environment hook '/home/ubuntu/dev_ws/src/install/pol_bunker/share/pol_bunker/hook/pythonpath.sh'
[2.848s] Level 1:colcon.colcon_core.environment:checking '/home/ubuntu/dev_ws/src/install/pol_bunker/bin'
[2.848s] Level 1:colcon.colcon_core.environment:create_environment_scripts_only(pol_bunker)
[2.862s] INFO:colcon.colcon_core.shell:Creating package script '/home/ubuntu/dev_ws/src/install/pol_bunker/share/pol_bunker/package.ps1'
[2.863s] INFO:colcon.colcon_core.shell:Creating package descriptor '/home/ubuntu/dev_ws/src/install/pol_bunker/share/pol_bunker/package.dsv'
[2.863s] INFO:colcon.colcon_core.shell:Creating package script '/home/ubuntu/dev_ws/src/install/pol_bunker/share/pol_bunker/package.sh'
[2.864s] INFO:colcon.colcon_core.shell:Creating package script '/home/ubuntu/dev_ws/src/install/pol_bunker/share/pol_bunker/package.bash'
[2.865s] INFO:colcon.colcon_core.shell:Creating package script '/home/ubuntu/dev_ws/src/install/pol_bunker/share/pol_bunker/package.zsh'
[2.865s] Level 1:colcon.colcon_core.environment:create_file_with_runtime_dependencies(/home/ubuntu/dev_ws/src/install/pol_bunker/share/colcon-core/packages/pol_bunker)
[2.870s] DEBUG:colcon.colcon_core.event_handler.log_command:Invoked command in '/home/ubuntu/dev_ws/src/py_pkg' returned '0': PYTHONPATH=/home/ubuntu/dev_ws/src/build/py_pkg/prefix_override:/home/ubuntu/dev_ws/src/install/py_pkg/lib/python3.10/site-packages:${PYTHONPATH} /usr/bin/python3 setup.py egg_info --egg-base ../build/py_pkg build --build-base /home/ubuntu/dev_ws/src/build/py_pkg/build install --record /home/ubuntu/dev_ws/src/build/py_pkg/install.log --single-version-externally-managed
[2.885s] Level 1:colcon.colcon_core.environment:checking '/home/ubuntu/dev_ws/src/install/py_pkg' for CMake module files
[2.886s] Level 1:colcon.colcon_core.environment:checking '/home/ubuntu/dev_ws/src/install/py_pkg' for CMake config files
[2.886s] Level 1:colcon.colcon_core.environment:checking '/home/ubuntu/dev_ws/src/install/py_pkg/lib'
[2.886s] Level 1:colcon.colcon_core.environment:checking '/home/ubuntu/dev_ws/src/install/py_pkg/bin'
[2.886s] Level 1:colcon.colcon_core.environment:checking '/home/ubuntu/dev_ws/src/install/py_pkg/lib/pkgconfig/py_pkg.pc'
[2.887s] Level 1:colcon.colcon_core.environment:checking '/home/ubuntu/dev_ws/src/install/py_pkg/lib/python3.10/site-packages'
[2.887s] Level 1:colcon.colcon_core.shell:create_environment_hook('py_pkg', 'pythonpath')
[2.901s] INFO:colcon.colcon_core.shell:Creating environment hook '/home/ubuntu/dev_ws/src/install/py_pkg/share/py_pkg/hook/pythonpath.ps1'
[2.902s] INFO:colcon.colcon_core.shell:Creating environment descriptor '/home/ubuntu/dev_ws/src/install/py_pkg/share/py_pkg/hook/pythonpath.dsv'
[2.902s] INFO:colcon.colcon_core.shell:Creating environment hook '/home/ubuntu/dev_ws/src/install/py_pkg/share/py_pkg/hook/pythonpath.sh'
[2.903s] Level 1:colcon.colcon_core.environment:checking '/home/ubuntu/dev_ws/src/install/py_pkg/bin'
[2.903s] Level 1:colcon.colcon_core.environment:create_environment_scripts_only(py_pkg)
[2.918s] INFO:colcon.colcon_core.shell:Creating package script '/home/ubuntu/dev_ws/src/install/py_pkg/share/py_pkg/package.ps1'
[2.918s] INFO:colcon.colcon_core.shell:Creating package descriptor '/home/ubuntu/dev_ws/src/install/py_pkg/share/py_pkg/package.dsv'
[2.919s] INFO:colcon.colcon_core.shell:Creating package script '/home/ubuntu/dev_ws/src/install/py_pkg/share/py_pkg/package.sh'
[2.919s] INFO:colcon.colcon_core.shell:Creating package script '/home/ubuntu/dev_ws/src/install/py_pkg/share/py_pkg/package.bash'
[2.919s] INFO:colcon.colcon_core.shell:Creating package script '/home/ubuntu/dev_ws/src/install/py_pkg/share/py_pkg/package.zsh'
[2.920s] Level 1:colcon.colcon_core.environment:create_file_with_runtime_dependencies(/home/ubuntu/dev_ws/src/install/py_pkg/share/colcon-core/packages/py_pkg)
[32.026s] DEBUG:colcon.colcon_core.event_handler.log_command:Invoked command in '/home/ubuntu/dev_ws/src/build/hector_gazebo_plugins' returned '1': CMAKE_PREFIX_PATH=/home/ubuntu/dev_ws/install/pol_bunker:/home/ubuntu/dev_ws/install/py_pkg:/opt/ros/humble /usr/bin/cmake /home/ubuntu/dev_ws/src/hector_gazebo-humble-devel/hector_gazebo_plugins -DCMAKE_INSTALL_PREFIX=/home/ubuntu/dev_ws/src/install/hector_gazebo_plugins
[32.042s] Level 1:colcon.colcon_core.environment:create_environment_scripts_only(hector_gazebo_plugins)
[32.060s] Level 1:colcon.colcon_core.environment:checking '/home/ubuntu/dev_ws/src/install/hector_gazebo_plugins' for CMake module files
[32.061s] Level 1:colcon.colcon_core.environment:checking '/home/ubuntu/dev_ws/src/install/hector_gazebo_plugins' for CMake config files
[32.061s] Level 1:colcon.colcon_core.environment:checking '/home/ubuntu/dev_ws/src/install/hector_gazebo_plugins/bin'
[32.061s] Level 1:colcon.colcon_core.environment:checking '/home/ubuntu/dev_ws/src/install/hector_gazebo_plugins/lib/pkgconfig/hector_gazebo_plugins.pc'
[32.062s] Level 1:colcon.colcon_core.environment:checking '/home/ubuntu/dev_ws/src/install/hector_gazebo_plugins/lib/python3.10/site-packages'
[32.062s] Level 1:colcon.colcon_core.environment:checking '/home/ubuntu/dev_ws/src/install/hector_gazebo_plugins/bin'
[32.080s] INFO:colcon.colcon_core.shell:Creating package script '/home/ubuntu/dev_ws/src/install/hector_gazebo_plugins/share/hector_gazebo_plugins/package.ps1'
[32.080s] INFO:colcon.colcon_core.shell:Creating package descriptor '/home/ubuntu/dev_ws/src/install/hector_gazebo_plugins/share/hector_gazebo_plugins/package.dsv'
[32.081s] INFO:colcon.colcon_core.shell:Creating package script '/home/ubuntu/dev_ws/src/install/hector_gazebo_plugins/share/hector_gazebo_plugins/package.sh'
[32.081s] INFO:colcon.colcon_core.shell:Creating package script '/home/ubuntu/dev_ws/src/install/hector_gazebo_plugins/share/hector_gazebo_plugins/package.bash'
[32.081s] INFO:colcon.colcon_core.shell:Creating package script '/home/ubuntu/dev_ws/src/install/hector_gazebo_plugins/share/hector_gazebo_plugins/package.zsh'
[32.082s] Level 1:colcon.colcon_core.environment:create_file_with_runtime_dependencies(/home/ubuntu/dev_ws/src/install/hector_gazebo_plugins/share/colcon-core/packages/hector_gazebo_plugins)
[32.093s] DEBUG:colcon.colcon_parallel_executor.executor.parallel:closing loop
[32.093s] DEBUG:colcon.colcon_parallel_executor.executor.parallel:loop closed
[32.094s] DEBUG:colcon.colcon_parallel_executor.executor.parallel:run_until_complete finished with '1'
[32.094s] DEBUG:colcon.colcon_core.event_reactor:joining thread
[32.162s] INFO:colcon.colcon_core.plugin_system:Skipping extension 'colcon_notification.desktop_notification.notify_send': Could not find 'notify-send'
[32.162s] INFO:colcon.colcon_core.plugin_system:Skipping extension 'colcon_notification.desktop_notification.terminal_notifier': Not used on non-Darwin systems
[32.162s] INFO:colcon.colcon_core.plugin_system:Skipping extension 'colcon_notification.desktop_notification.win32': Not used on non-Windows systems
[32.162s] INFO:colcon.colcon_notification.desktop_notification:Sending desktop notification using 'notify2'
[32.162s] DEBUG:colcon.colcon_notification.desktop_notification.notify2:Failed to initialize notify2: org.freedesktop.DBus.Error.FileNotFound: Failed to connect to socket /run/user/1000/bus: No such file or directory
[32.163s] DEBUG:colcon.colcon_core.event_reactor:joined thread
[32.180s] INFO:colcon.colcon_core.shell:Creating prefix script '/home/ubuntu/dev_ws/src/install/local_setup.ps1'
[32.181s] INFO:colcon.colcon_core.shell:Creating prefix util module '/home/ubuntu/dev_ws/src/install/_local_setup_util_ps1.py'
[32.183s] INFO:colcon.colcon_core.shell:Creating prefix chain script '/home/ubuntu/dev_ws/src/install/setup.ps1'
[32.202s] INFO:colcon.colcon_core.shell:Creating prefix script '/home/ubuntu/dev_ws/src/install/local_setup.sh'
[32.203s] INFO:colcon.colcon_core.shell:Creating prefix util module '/home/ubuntu/dev_ws/src/install/_local_setup_util_sh.py'
[32.204s] INFO:colcon.colcon_core.shell:Creating prefix chain script '/home/ubuntu/dev_ws/src/install/setup.sh'
[32.221s] INFO:colcon.colcon_core.shell:Creating prefix script '/home/ubuntu/dev_ws/src/install/local_setup.bash'
[32.222s] INFO:colcon.colcon_core.shell:Creating prefix chain script '/home/ubuntu/dev_ws/src/install/setup.bash'
[32.240s] INFO:colcon.colcon_core.shell:Creating prefix script '/home/ubuntu/dev_ws/src/install/local_setup.zsh'
[32.240s] INFO:colcon.colcon_core.shell:Creating prefix chain script '/home/ubuntu/dev_ws/src/install/setup.zsh'
