[1.203s] Invoking command in '/home/ubuntu/dev_ws/build/py_pkg': PYTHONPATH=/home/ubuntu/dev_ws/build/py_pkg/prefix_override:/home/ubuntu/dev_ws/install/py_pkg/lib/python3.10/site-packages:${PYTHONPATH} /usr/bin/python3 setup.py develop --editable --build-directory /home/ubuntu/dev_ws/build/py_pkg/build --no-deps install_data
[1.636s] running develop
[1.637s] /usr/lib/python3/dist-packages/setuptools/command/easy_install.py:158: EasyInstallDeprecationWarning: easy_install command is deprecated. Use build and pip and other standards-based tools.
[1.637s]   warnings.warn(
[1.639s] /usr/lib/python3/dist-packages/setuptools/command/install.py:34: SetuptoolsDeprecationWarning: setup.py install is deprecated. Use build and pip and other standards-based tools.
[1.639s]   warnings.warn(
[1.918s] running egg_info
[1.918s] writing py_pkg.egg-info/PKG-INFO
[1.919s] writing dependency_links to py_pkg.egg-info/dependency_links.txt
[1.920s] writing entry points to py_pkg.egg-info/entry_points.txt
[1.920s] writing requirements to py_pkg.egg-info/requires.txt
[1.920s] writing top-level names to py_pkg.egg-info/top_level.txt
[1.922s] reading manifest file 'py_pkg.egg-info/SOURCES.txt'
[1.924s] writing manifest file 'py_pkg.egg-info/SOURCES.txt'
[1.926s] running build_ext
[1.926s] Creating /home/ubuntu/dev_ws/install/py_pkg/lib/python3.10/site-packages/py-pkg.egg-link (link to .)
[1.928s] Installing py_node script to /home/ubuntu/dev_ws/install/py_pkg/lib/py_pkg
[1.928s] Installing robot script to /home/ubuntu/dev_ws/install/py_pkg/lib/py_pkg
[1.929s] Installing sub script to /home/ubuntu/dev_ws/install/py_pkg/lib/py_pkg
[1.930s] 
[1.930s] Installed /home/ubuntu/dev_ws/build/py_pkg
[1.930s] running install_data
[1.972s] Invoked command in '/home/ubuntu/dev_ws/build/py_pkg' returned '0': PYTHONPATH=/home/ubuntu/dev_ws/build/py_pkg/prefix_override:/home/ubuntu/dev_ws/install/py_pkg/lib/python3.10/site-packages:${PYTHONPATH} /usr/bin/python3 setup.py develop --editable --build-directory /home/ubuntu/dev_ws/build/py_pkg/build --no-deps install_data
