[1.846s] Invoking command in '/home/ubuntu/dev_ws/build/py_pkg': PYTHONPATH=/home/ubuntu/dev_ws/build/py_pkg/prefix_override:/home/ubuntu/dev_ws/install/py_pkg/lib/python3.10/site-packages:${PYTHONPATH} /usr/bin/python3 setup.py develop --editable --build-directory /home/ubuntu/dev_ws/build/py_pkg/build --no-deps install_data
[2.362s] running develop
[2.363s] /usr/lib/python3/dist-packages/setuptools/command/easy_install.py:158: EasyInstallDeprecationWarning: easy_install command is deprecated. Use build and pip and other standards-based tools.
[2.363s]   warnings.warn(
[2.365s] /usr/lib/python3/dist-packages/setuptools/command/install.py:34: SetuptoolsDeprecationWarning: setup.py install is deprecated. Use build and pip and other standards-based tools.
[2.365s]   warnings.warn(
[2.633s] running egg_info
[2.634s] writing py_pkg.egg-info/PKG-INFO
[2.634s] writing dependency_links to py_pkg.egg-info/dependency_links.txt
[2.635s] writing entry points to py_pkg.egg-info/entry_points.txt
[2.635s] writing requirements to py_pkg.egg-info/requires.txt
[2.635s] writing top-level names to py_pkg.egg-info/top_level.txt
[2.637s] reading manifest file 'py_pkg.egg-info/SOURCES.txt'
[2.638s] writing manifest file 'py_pkg.egg-info/SOURCES.txt'
[2.640s] running build_ext
[2.641s] Creating /home/ubuntu/dev_ws/install/py_pkg/lib/python3.10/site-packages/py-pkg.egg-link (link to .)
[2.643s] Installing py_node script to /home/ubuntu/dev_ws/install/py_pkg/lib/py_pkg
[2.643s] Installing robot script to /home/ubuntu/dev_ws/install/py_pkg/lib/py_pkg
[2.644s] Installing sub script to /home/ubuntu/dev_ws/install/py_pkg/lib/py_pkg
[2.644s] 
[2.644s] Installed /home/ubuntu/dev_ws/build/py_pkg
[2.645s] running install_data
[2.687s] Invoked command in '/home/ubuntu/dev_ws/build/py_pkg' returned '0': PYTHONPATH=/home/ubuntu/dev_ws/build/py_pkg/prefix_override:/home/ubuntu/dev_ws/install/py_pkg/lib/python3.10/site-packages:${PYTHONPATH} /usr/bin/python3 setup.py develop --editable --build-directory /home/ubuntu/dev_ws/build/py_pkg/build --no-deps install_data
