[1.680s] Invoking command in '/home/ubuntu/dev_ws/build/py_pkg': PYTHONPATH=/home/ubuntu/dev_ws/build/py_pkg/prefix_override:/home/ubuntu/dev_ws/install/py_pkg/lib/python3.10/site-packages:${PYTHONPATH} /usr/bin/python3 setup.py develop --editable --build-directory /home/ubuntu/dev_ws/build/py_pkg/build --no-deps install_data
[2.199s] running develop
[2.201s] /usr/lib/python3/dist-packages/setuptools/command/easy_install.py:158: EasyInstallDeprecationWarning: easy_install command is deprecated. Use build and pip and other standards-based tools.
[2.201s]   warnings.warn(
[2.204s] /usr/lib/python3/dist-packages/setuptools/command/install.py:34: SetuptoolsDeprecationWarning: setup.py install is deprecated. Use build and pip and other standards-based tools.
[2.204s]   warnings.warn(
[2.486s] running egg_info
[2.486s] writing py_pkg.egg-info/PKG-INFO
[2.487s] writing dependency_links to py_pkg.egg-info/dependency_links.txt
[2.487s] writing entry points to py_pkg.egg-info/entry_points.txt
[2.488s] writing requirements to py_pkg.egg-info/requires.txt
[2.488s] writing top-level names to py_pkg.egg-info/top_level.txt
[2.491s] reading manifest file 'py_pkg.egg-info/SOURCES.txt'
[2.493s] writing manifest file 'py_pkg.egg-info/SOURCES.txt'
[2.496s] running build_ext
[2.496s] Creating /home/ubuntu/dev_ws/install/py_pkg/lib/python3.10/site-packages/py-pkg.egg-link (link to .)
[2.498s] Installing py_node script to /home/ubuntu/dev_ws/install/py_pkg/lib/py_pkg
[2.499s] Installing robot script to /home/ubuntu/dev_ws/install/py_pkg/lib/py_pkg
[2.499s] 
[2.499s] Installed /home/ubuntu/dev_ws/build/py_pkg
[2.499s] running install_data
[2.546s] Invoked command in '/home/ubuntu/dev_ws/build/py_pkg' returned '0': PYTHONPATH=/home/ubuntu/dev_ws/build/py_pkg/prefix_override:/home/ubuntu/dev_ws/install/py_pkg/lib/python3.10/site-packages:${PYTHONPATH} /usr/bin/python3 setup.py develop --editable --build-directory /home/ubuntu/dev_ws/build/py_pkg/build --no-deps install_data
