running egg_info
writing ../build/pol_bunker/pol_bunker.egg-info/PKG-INFO
writing dependency_links to ../build/pol_bunker/pol_bunker.egg-info/dependency_links.txt
writing entry points to ../build/pol_bunker/pol_bunker.egg-info/entry_points.txt
writing requirements to ../build/pol_bunker/pol_bunker.egg-info/requires.txt
writing top-level names to ../build/pol_bunker/pol_bunker.egg-info/top_level.txt
reading manifest file '../build/pol_bunker/pol_bunker.egg-info/SOURCES.txt'
writing manifest file '../build/pol_bunker/pol_bunker.egg-info/SOURCES.txt'
running build
running build_py
running install
/usr/lib/python3/dist-packages/setuptools/command/install.py:34: SetuptoolsDeprecationWarning: setup.py install is deprecated. Use build and pip and other standards-based tools.
  warnings.warn(
running install_lib
running install_data
running install_egg_info
removing '/home/ubuntu/dev_ws/src/install/pol_bunker/lib/python3.10/site-packages/pol_bunker-0.0.0-py3.10.egg-info' (and everything under it)
Copying ../build/pol_bunker/pol_bunker.egg-info to /home/ubuntu/dev_ws/src/install/pol_bunker/lib/python3.10/site-packages/pol_bunker-0.0.0-py3.10.egg-info
running install_scripts
Installing gotogps_bunker script to /home/ubuntu/dev_ws/src/install/pol_bunker/lib/pol_bunker
Installing node_bno055 script to /home/ubuntu/dev_ws/src/install/pol_bunker/lib/pol_bunker
writing list of installed files to '/home/ubuntu/dev_ws/src/build/pol_bunker/install.log'
