[1.149s] Invoking command in '/home/ubuntu/dev_ws/src/py_pkg': PYTHONPATH=/home/ubuntu/dev_ws/src/build/py_pkg/prefix_override:/home/ubuntu/dev_ws/src/install/py_pkg/lib/python3.10/site-packages:${PYTHONPATH} /usr/bin/python3 setup.py egg_info --egg-base ../build/py_pkg build --build-base /home/ubuntu/dev_ws/src/build/py_pkg/build install --record /home/ubuntu/dev_ws/src/build/py_pkg/install.log --single-version-externally-managed
[1.397s] running egg_info
[1.397s] creating ../build/py_pkg/py_pkg.egg-info
[1.398s] writing ../build/py_pkg/py_pkg.egg-info/PKG-INFO
[1.398s] writing dependency_links to ../build/py_pkg/py_pkg.egg-info/dependency_links.txt
[1.398s] writing entry points to ../build/py_pkg/py_pkg.egg-info/entry_points.txt
[1.398s] writing requirements to ../build/py_pkg/py_pkg.egg-info/requires.txt
[1.399s] writing top-level names to ../build/py_pkg/py_pkg.egg-info/top_level.txt
[1.399s] writing manifest file '../build/py_pkg/py_pkg.egg-info/SOURCES.txt'
[1.402s] reading manifest file '../build/py_pkg/py_pkg.egg-info/SOURCES.txt'
[1.403s] writing manifest file '../build/py_pkg/py_pkg.egg-info/SOURCES.txt'
[1.404s] running build
[1.404s] running build_py
[1.404s] creating /home/ubuntu/dev_ws/src/build/py_pkg/build
[1.405s] creating /home/ubuntu/dev_ws/src/build/py_pkg/build/lib
[1.405s] /usr/lib/python3/dist-packages/setuptools/command/install.py:34: SetuptoolsDeprecationWarning: setup.py install is deprecated. Use build and pip and other standards-based tools.
[1.406s]   warnings.warn(
[1.407s] creating /home/ubuntu/dev_ws/src/build/py_pkg/build/lib/py_pkg
[1.407s] copying py_pkg/__init__.py -> /home/ubuntu/dev_ws/src/build/py_pkg/build/lib/py_pkg
[1.407s] copying py_pkg/robot.py -> /home/ubuntu/dev_ws/src/build/py_pkg/build/lib/py_pkg
[1.408s] copying py_pkg/control_turtle.py -> /home/ubuntu/dev_ws/src/build/py_pkg/build/lib/py_pkg
[1.408s] copying py_pkg/subs.py -> /home/ubuntu/dev_ws/src/build/py_pkg/build/lib/py_pkg
[1.408s] copying py_pkg/node1.py -> /home/ubuntu/dev_ws/src/build/py_pkg/build/lib/py_pkg
[1.409s] running install
[1.409s] running install_lib
[1.414s] creating /home/ubuntu/dev_ws/src/install/py_pkg/lib/python3.10/site-packages/py_pkg
[1.414s] copying /home/ubuntu/dev_ws/src/build/py_pkg/build/lib/py_pkg/__init__.py -> /home/ubuntu/dev_ws/src/install/py_pkg/lib/python3.10/site-packages/py_pkg
[1.414s] copying /home/ubuntu/dev_ws/src/build/py_pkg/build/lib/py_pkg/robot.py -> /home/ubuntu/dev_ws/src/install/py_pkg/lib/python3.10/site-packages/py_pkg
[1.414s] copying /home/ubuntu/dev_ws/src/build/py_pkg/build/lib/py_pkg/control_turtle.py -> /home/ubuntu/dev_ws/src/install/py_pkg/lib/python3.10/site-packages/py_pkg
[1.414s] copying /home/ubuntu/dev_ws/src/build/py_pkg/build/lib/py_pkg/subs.py -> /home/ubuntu/dev_ws/src/install/py_pkg/lib/python3.10/site-packages/py_pkg
[1.415s] copying /home/ubuntu/dev_ws/src/build/py_pkg/build/lib/py_pkg/node1.py -> /home/ubuntu/dev_ws/src/install/py_pkg/lib/python3.10/site-packages/py_pkg
[1.415s] byte-compiling /home/ubuntu/dev_ws/src/install/py_pkg/lib/python3.10/site-packages/py_pkg/__init__.py to __init__.cpython-310.pyc
[1.415s] byte-compiling /home/ubuntu/dev_ws/src/install/py_pkg/lib/python3.10/site-packages/py_pkg/robot.py to robot.cpython-310.pyc
[1.415s] byte-compiling /home/ubuntu/dev_ws/src/install/py_pkg/lib/python3.10/site-packages/py_pkg/control_turtle.py to control_turtle.cpython-310.pyc
[1.416s] byte-compiling /home/ubuntu/dev_ws/src/install/py_pkg/lib/python3.10/site-packages/py_pkg/subs.py to subs.cpython-310.pyc
[1.416s] byte-compiling /home/ubuntu/dev_ws/src/install/py_pkg/lib/python3.10/site-packages/py_pkg/node1.py to node1.cpython-310.pyc
[1.416s] running install_data
[1.416s] creating /home/ubuntu/dev_ws/src/install/py_pkg/share/ament_index
[1.416s] creating /home/ubuntu/dev_ws/src/install/py_pkg/share/ament_index/resource_index
[1.417s] creating /home/ubuntu/dev_ws/src/install/py_pkg/share/ament_index/resource_index/packages
[1.417s] copying resource/py_pkg -> /home/ubuntu/dev_ws/src/install/py_pkg/share/ament_index/resource_index/packages
[1.417s] copying package.xml -> /home/ubuntu/dev_ws/src/install/py_pkg/share/py_pkg
[1.417s] creating /home/ubuntu/dev_ws/src/install/py_pkg/share/py_pkg/launch
[1.417s] copying launch/test.launch.py -> /home/ubuntu/dev_ws/src/install/py_pkg/share/py_pkg/launch
[1.417s] copying launch/my_2roues_sim.launch.py -> /home/ubuntu/dev_ws/src/install/py_pkg/share/py_pkg/launch
[1.417s] copying launch/my_2roues.launch.py -> /home/ubuntu/dev_ws/src/install/py_pkg/share/py_pkg/launch
[1.417s] creating /home/ubuntu/dev_ws/src/install/py_pkg/share/py_pkg/urdf
[1.417s] copying urdf/rob1.xml -> /home/ubuntu/dev_ws/src/install/py_pkg/share/py_pkg/urdf
[1.417s] copying urdf/my_2roues.urdf.xacro -> /home/ubuntu/dev_ws/src/install/py_pkg/share/py_pkg/urdf
[1.417s] copying urdf/inertial.xacro -> /home/ubuntu/dev_ws/src/install/py_pkg/share/py_pkg/urdf
[1.418s] copying urdf/material.xacro -> /home/ubuntu/dev_ws/src/install/py_pkg/share/py_pkg/urdf
[1.418s] copying urdf/my_2roues-gazebo.xacro -> /home/ubuntu/dev_ws/src/install/py_pkg/share/py_pkg/urdf
[1.418s] running install_egg_info
[1.418s] Copying ../build/py_pkg/py_pkg.egg-info to /home/ubuntu/dev_ws/src/install/py_pkg/lib/python3.10/site-packages/py_pkg-0.0.0-py3.10.egg-info
[1.418s] running install_scripts
[1.439s] Installing control_turtle script to /home/ubuntu/dev_ws/src/install/py_pkg/lib/py_pkg
[1.439s] Installing py_node script to /home/ubuntu/dev_ws/src/install/py_pkg/lib/py_pkg
[1.440s] Installing robot script to /home/ubuntu/dev_ws/src/install/py_pkg/lib/py_pkg
[1.440s] Installing sub script to /home/ubuntu/dev_ws/src/install/py_pkg/lib/py_pkg
[1.440s] writing list of installed files to '/home/ubuntu/dev_ws/src/build/py_pkg/install.log'
[1.467s] Invoked command in '/home/ubuntu/dev_ws/src/py_pkg' returned '0': PYTHONPATH=/home/ubuntu/dev_ws/src/build/py_pkg/prefix_override:/home/ubuntu/dev_ws/src/install/py_pkg/lib/python3.10/site-packages:${PYTHONPATH} /usr/bin/python3 setup.py egg_info --egg-base ../build/py_pkg build --build-base /home/ubuntu/dev_ws/src/build/py_pkg/build install --record /home/ubuntu/dev_ws/src/build/py_pkg/install.log --single-version-externally-managed
