/home/ubuntu/dev_ws/src/install/pol_bunker/lib/python3.10/site-packages/pol_bunker/__init__.py
/home/ubuntu/dev_ws/src/install/pol_bunker/lib/python3.10/site-packages/pol_bunker/cv_sub.py
/home/ubuntu/dev_ws/src/install/pol_bunker/lib/python3.10/site-packages/pol_bunker/__pycache__/__init__.cpython-310.pyc
/home/ubuntu/dev_ws/src/install/pol_bunker/lib/python3.10/site-packages/pol_bunker/__pycache__/cv_sub.cpython-310.pyc
/home/ubuntu/dev_ws/src/install/pol_bunker/share/ament_index/resource_index/packages/pol_bunker
/home/ubuntu/dev_ws/src/install/pol_bunker/share/pol_bunker/launch/pol_bunker.launch.py
/home/ubuntu/dev_ws/src/install/pol_bunker/share/pol_bunker/launch/bunker-sim.launch.py
/home/ubuntu/dev_ws/src/install/pol_bunker/share/pol_bunker/package.xml
/home/ubuntu/dev_ws/src/install/pol_bunker/share/pol_bunker/urdf/my_bunker.xacro
/home/ubuntu/dev_ws/src/install/pol_bunker/share/pol_bunker/urdf/inertial.xacro
/home/ubuntu/dev_ws/src/install/pol_bunker/share/pol_bunker/urdf/macro-d435.xacro
/home/ubuntu/dev_ws/src/install/pol_bunker/share/pol_bunker/urdf/macro-imu.xacro
/home/ubuntu/dev_ws/src/install/pol_bunker/share/pol_bunker/urdf/test.world
/home/ubuntu/dev_ws/src/install/pol_bunker/share/pol_bunker/urdf/macro-roue.xacro
/home/ubuntu/dev_ws/src/install/pol_bunker/share/pol_bunker/urdf/cohoma.world
/home/ubuntu/dev_ws/src/install/pol_bunker/share/pol_bunker/urdf/material.xacro
/home/ubuntu/dev_ws/src/install/pol_bunker/share/pol_bunker/urdf/macro-gps.xacro
/home/ubuntu/dev_ws/src/install/pol_bunker/share/pol_bunker/urdf/underwater.world
/home/ubuntu/dev_ws/src/install/pol_bunker/share/pol_bunker/meshes/BUNKER.stl
/home/ubuntu/dev_ws/src/install/pol_bunker/share/pol_bunker/meshes
/home/ubuntu/dev_ws/src/install/pol_bunker/share/pol_bunker/models/cohoma1/model.config
/home/ubuntu/dev_ws/src/install/pol_bunker/share/pol_bunker/models/cohoma1/model.sdf
/home/ubuntu/dev_ws/src/install/pol_bunker/share/pol_bunker/models/cohoma1/seabed.stl
/home/ubuntu/dev_ws/src/install/pol_bunker/lib/python3.10/site-packages/pol_bunker-0.0.0-py3.10.egg-info/dependency_links.txt
/home/ubuntu/dev_ws/src/install/pol_bunker/lib/python3.10/site-packages/pol_bunker-0.0.0-py3.10.egg-info/entry_points.txt
/home/ubuntu/dev_ws/src/install/pol_bunker/lib/python3.10/site-packages/pol_bunker-0.0.0-py3.10.egg-info/top_level.txt
/home/ubuntu/dev_ws/src/install/pol_bunker/lib/python3.10/site-packages/pol_bunker-0.0.0-py3.10.egg-info/zip-safe
/home/ubuntu/dev_ws/src/install/pol_bunker/lib/python3.10/site-packages/pol_bunker-0.0.0-py3.10.egg-info/requires.txt
/home/ubuntu/dev_ws/src/install/pol_bunker/lib/python3.10/site-packages/pol_bunker-0.0.0-py3.10.egg-info/SOURCES.txt
/home/ubuntu/dev_ws/src/install/pol_bunker/lib/python3.10/site-packages/pol_bunker-0.0.0-py3.10.egg-info/PKG-INFO
/home/ubuntu/dev_ws/src/install/pol_bunker/lib/pol_bunker/gotogps_bunker
/home/ubuntu/dev_ws/src/install/pol_bunker/lib/pol_bunker/node_bno055
