[1.081s] Invoking command in '/home/ubuntu/dev_ws/src/py_pkg': PYTHONPATH=/home/ubuntu/dev_ws/src/build/py_pkg/prefix_override:/home/ubuntu/dev_ws/src/install/py_pkg/lib/python3.10/site-packages:${PYTHONPATH} /usr/bin/python3 setup.py egg_info --egg-base ../build/py_pkg build --build-base /home/ubuntu/dev_ws/src/build/py_pkg/build install --record /home/ubuntu/dev_ws/src/build/py_pkg/install.log --single-version-externally-managed
[1.337s] running egg_info
[1.338s] writing ../build/py_pkg/py_pkg.egg-info/PKG-INFO
[1.339s] writing dependency_links to ../build/py_pkg/py_pkg.egg-info/dependency_links.txt
[1.339s] writing entry points to ../build/py_pkg/py_pkg.egg-info/entry_points.txt
[1.339s] writing requirements to ../build/py_pkg/py_pkg.egg-info/requires.txt
[1.339s] writing top-level names to ../build/py_pkg/py_pkg.egg-info/top_level.txt
[1.342s] reading manifest file '../build/py_pkg/py_pkg.egg-info/SOURCES.txt'
[1.343s] writing manifest file '../build/py_pkg/py_pkg.egg-info/SOURCES.txt'
[1.344s] running build
[1.344s] running build_py
[1.344s] running install
[1.345s] /usr/lib/python3/dist-packages/setuptools/command/install.py:34: SetuptoolsDeprecationWarning: setup.py install is deprecated. Use build and pip and other standards-based tools.
[1.345s]   warnings.warn(
[1.345s] running install_lib
[1.347s] running install_data
[1.348s] running install_egg_info
[1.350s] removing '/home/ubuntu/dev_ws/src/install/py_pkg/lib/python3.10/site-packages/py_pkg-0.0.0-py3.10.egg-info' (and everything under it)
[1.351s] Copying ../build/py_pkg/py_pkg.egg-info to /home/ubuntu/dev_ws/src/install/py_pkg/lib/python3.10/site-packages/py_pkg-0.0.0-py3.10.egg-info
[1.352s] running install_scripts
[1.375s] Installing control_turtle script to /home/ubuntu/dev_ws/src/install/py_pkg/lib/py_pkg
[1.375s] Installing py_node script to /home/ubuntu/dev_ws/src/install/py_pkg/lib/py_pkg
[1.375s] Installing robot script to /home/ubuntu/dev_ws/src/install/py_pkg/lib/py_pkg
[1.376s] Installing sub script to /home/ubuntu/dev_ws/src/install/py_pkg/lib/py_pkg
[1.376s] writing list of installed files to '/home/ubuntu/dev_ws/src/build/py_pkg/install.log'
[1.427s] Invoked command in '/home/ubuntu/dev_ws/src/py_pkg' returned '0': PYTHONPATH=/home/ubuntu/dev_ws/src/build/py_pkg/prefix_override:/home/ubuntu/dev_ws/src/install/py_pkg/lib/python3.10/site-packages:${PYTHONPATH} /usr/bin/python3 setup.py egg_info --egg-base ../build/py_pkg build --build-base /home/ubuntu/dev_ws/src/build/py_pkg/build install --record /home/ubuntu/dev_ws/src/build/py_pkg/install.log --single-version-externally-managed
