running develop
/usr/lib/python3/dist-packages/setuptools/command/easy_install.py:158: EasyInstallDeprecationWarning: easy_install command is deprecated. Use build and pip and other standards-based tools.
  warnings.warn(
/usr/lib/python3/dist-packages/setuptools/command/install.py:34: SetuptoolsDeprecationWarning: setup.py install is deprecated. Use build and pip and other standards-based tools.
  warnings.warn(
Removing /home/ubuntu/dev_ws/install/py_pkg/lib/python3.10/site-packages/py-pkg.egg-link (link to .)
running egg_info
writing ../../build/py_pkg/py_pkg.egg-info/PKG-INFO
writing dependency_links to ../../build/py_pkg/py_pkg.egg-info/dependency_links.txt
writing entry points to ../../build/py_pkg/py_pkg.egg-info/entry_points.txt
writing requirements to ../../build/py_pkg/py_pkg.egg-info/requires.txt
writing top-level names to ../../build/py_pkg/py_pkg.egg-info/top_level.txt
reading manifest file '../../build/py_pkg/py_pkg.egg-info/SOURCES.txt'
writing manifest file '../../build/py_pkg/py_pkg.egg-info/SOURCES.txt'
running build
running build_py
creating /home/ubuntu/dev_ws/build/py_pkg/build
creating /home/ubuntu/dev_ws/build/py_pkg/build/lib
creating /home/ubuntu/dev_ws/build/py_pkg/build/lib/py_pkg
copying py_pkg/__init__.py -> /home/ubuntu/dev_ws/build/py_pkg/build/lib/py_pkg
copying py_pkg/robot.py -> /home/ubuntu/dev_ws/build/py_pkg/build/lib/py_pkg
copying py_pkg/node1.py -> /home/ubuntu/dev_ws/build/py_pkg/build/lib/py_pkg
running install
/usr/lib/python3/dist-packages/setuptools/command/install.py:34: SetuptoolsDeprecationWarning: setup.py install is deprecated. Use build and pip and other standards-based tools.
  warnings.warn(
running install_lib
creating /home/ubuntu/dev_ws/install/py_pkg/lib/python3.10/site-packages/py_pkg
copying /home/ubuntu/dev_ws/build/py_pkg/build/lib/py_pkg/__init__.py -> /home/ubuntu/dev_ws/install/py_pkg/lib/python3.10/site-packages/py_pkg
copying /home/ubuntu/dev_ws/build/py_pkg/build/lib/py_pkg/robot.py -> /home/ubuntu/dev_ws/install/py_pkg/lib/python3.10/site-packages/py_pkg
copying /home/ubuntu/dev_ws/build/py_pkg/build/lib/py_pkg/node1.py -> /home/ubuntu/dev_ws/install/py_pkg/lib/python3.10/site-packages/py_pkg
byte-compiling /home/ubuntu/dev_ws/install/py_pkg/lib/python3.10/site-packages/py_pkg/__init__.py to __init__.cpython-310.pyc
byte-compiling /home/ubuntu/dev_ws/install/py_pkg/lib/python3.10/site-packages/py_pkg/robot.py to robot.cpython-310.pyc
byte-compiling /home/ubuntu/dev_ws/install/py_pkg/lib/python3.10/site-packages/py_pkg/node1.py to node1.cpython-310.pyc
running install_data
running install_egg_info
Copying ../../build/py_pkg/py_pkg.egg-info to /home/ubuntu/dev_ws/install/py_pkg/lib/python3.10/site-packages/py_pkg-0.0.0-py3.10.egg-info
running install_scripts
Installing py_node script to /home/ubuntu/dev_ws/install/py_pkg/lib/py_pkg
Installing robot script to /home/ubuntu/dev_ws/install/py_pkg/lib/py_pkg
writing list of installed files to '/home/ubuntu/dev_ws/build/py_pkg/install.log'
