[2.989s] Invoking command in '/home/ubuntu/dev_ws/build/py_pkg': PYTHONPATH=/home/ubuntu/dev_ws/build/py_pkg/prefix_override:/home/ubuntu/dev_ws/install/py_pkg/lib/python3.10/site-packages:${PYTHONPATH} /usr/bin/python3 setup.py develop --uninstall --editable --build-directory /home/ubuntu/dev_ws/build/py_pkg/build
[3.676s] running develop
[3.682s] /usr/lib/python3/dist-packages/setuptools/command/easy_install.py:158: EasyInstallDeprecationWarning: easy_install command is deprecated. Use build and pip and other standards-based tools.
[3.682s]   warnings.warn(
[3.686s] /usr/lib/python3/dist-packages/setuptools/command/install.py:34: SetuptoolsDeprecationWarning: setup.py install is deprecated. Use build and pip and other standards-based tools.
[3.686s]   warnings.warn(
[3.990s] Removing /home/ubuntu/dev_ws/install/py_pkg/lib/python3.10/site-packages/py-pkg.egg-link (link to .)
[4.031s] Invoked command in '/home/ubuntu/dev_ws/build/py_pkg' returned '0': PYTHONPATH=/home/ubuntu/dev_ws/build/py_pkg/prefix_override:/home/ubuntu/dev_ws/install/py_pkg/lib/python3.10/site-packages:${PYTHONPATH} /usr/bin/python3 setup.py develop --uninstall --editable --build-directory /home/ubuntu/dev_ws/build/py_pkg/build
[4.036s] Invoking command in '/home/ubuntu/dev_ws/src/py_pkg': PYTHONPATH=/home/ubuntu/dev_ws/build/py_pkg/prefix_override:/home/ubuntu/dev_ws/install/py_pkg/lib/python3.10/site-packages:${PYTHONPATH} /usr/bin/python3 setup.py egg_info --egg-base ../../build/py_pkg build --build-base /home/ubuntu/dev_ws/build/py_pkg/build install --record /home/ubuntu/dev_ws/build/py_pkg/install.log --single-version-externally-managed
[4.481s] running egg_info
[4.482s] writing ../../build/py_pkg/py_pkg.egg-info/PKG-INFO
[4.483s] writing dependency_links to ../../build/py_pkg/py_pkg.egg-info/dependency_links.txt
[4.483s] writing entry points to ../../build/py_pkg/py_pkg.egg-info/entry_points.txt
[4.484s] writing requirements to ../../build/py_pkg/py_pkg.egg-info/requires.txt
[4.484s] writing top-level names to ../../build/py_pkg/py_pkg.egg-info/top_level.txt
[4.490s] reading manifest file '../../build/py_pkg/py_pkg.egg-info/SOURCES.txt'
[4.492s] writing manifest file '../../build/py_pkg/py_pkg.egg-info/SOURCES.txt'
[4.492s] running build
[4.493s] running build_py
[4.493s] creating /home/ubuntu/dev_ws/build/py_pkg/build
[4.494s] creating /home/ubuntu/dev_ws/build/py_pkg/build/lib
[4.495s] creating /home/ubuntu/dev_ws/build/py_pkg/build/lib/py_pkg
[4.495s] copying py_pkg/__init__.py -> /home/ubuntu/dev_ws/build/py_pkg/build/lib/py_pkg
[4.497s] copying py_pkg/robot.py -> /home/ubuntu/dev_ws/build/py_pkg/build/lib/py_pkg
[4.497s] copying py_pkg/node1.py -> /home/ubuntu/dev_ws/build/py_pkg/build/lib/py_pkg
[4.499s] running install
[4.499s] /usr/lib/python3/dist-packages/setuptools/command/install.py:34: SetuptoolsDeprecationWarning: setup.py install is deprecated. Use build and pip and other standards-based tools.
[4.500s]   warnings.warn(
[4.500s] running install_lib
[4.502s] creating /home/ubuntu/dev_ws/install/py_pkg/lib/python3.10/site-packages/py_pkg
[4.503s] copying /home/ubuntu/dev_ws/build/py_pkg/build/lib/py_pkg/__init__.py -> /home/ubuntu/dev_ws/install/py_pkg/lib/python3.10/site-packages/py_pkg
[4.504s] copying /home/ubuntu/dev_ws/build/py_pkg/build/lib/py_pkg/robot.py -> /home/ubuntu/dev_ws/install/py_pkg/lib/python3.10/site-packages/py_pkg
[4.505s] copying /home/ubuntu/dev_ws/build/py_pkg/build/lib/py_pkg/node1.py -> /home/ubuntu/dev_ws/install/py_pkg/lib/python3.10/site-packages/py_pkg
[4.506s] byte-compiling /home/ubuntu/dev_ws/install/py_pkg/lib/python3.10/site-packages/py_pkg/__init__.py to __init__.cpython-310.pyc
[4.508s] byte-compiling /home/ubuntu/dev_ws/install/py_pkg/lib/python3.10/site-packages/py_pkg/robot.py to robot.cpython-310.pyc
[4.510s] byte-compiling /home/ubuntu/dev_ws/install/py_pkg/lib/python3.10/site-packages/py_pkg/node1.py to node1.cpython-310.pyc
[4.510s] running install_data
[4.512s] running install_egg_info
[4.516s] Copying ../../build/py_pkg/py_pkg.egg-info to /home/ubuntu/dev_ws/install/py_pkg/lib/python3.10/site-packages/py_pkg-0.0.0-py3.10.egg-info
[4.520s] running install_scripts
[4.565s] Installing py_node script to /home/ubuntu/dev_ws/install/py_pkg/lib/py_pkg
[4.565s] Installing robot script to /home/ubuntu/dev_ws/install/py_pkg/lib/py_pkg
[4.566s] writing list of installed files to '/home/ubuntu/dev_ws/build/py_pkg/install.log'
[4.615s] Invoked command in '/home/ubuntu/dev_ws/src/py_pkg' returned '0': PYTHONPATH=/home/ubuntu/dev_ws/build/py_pkg/prefix_override:/home/ubuntu/dev_ws/install/py_pkg/lib/python3.10/site-packages:${PYTHONPATH} /usr/bin/python3 setup.py egg_info --egg-base ../../build/py_pkg build --build-base /home/ubuntu/dev_ws/build/py_pkg/build install --record /home/ubuntu/dev_ws/build/py_pkg/install.log --single-version-externally-managed
