[1.607s] Invoking command in '/home/ubuntu/dev_ws/build/py_pkg': PYTHONPATH=/home/ubuntu/dev_ws/build/py_pkg/prefix_override:/home/ubuntu/dev_ws/install/py_pkg/lib/python3.10/site-packages:${PYTHONPATH} /usr/bin/python3 setup.py develop --editable --build-directory /home/ubuntu/dev_ws/build/py_pkg/build --no-deps install_data
[2.083s] /usr/lib/python3/dist-packages/setuptools/dist.py:723: UserWarning: Usage of dash-separated 'script-dir' will not be supported in future versions. Please use the underscore name 'script_dir' instead
[2.083s]   warnings.warn(
[2.137s] running develop
[2.139s] /usr/lib/python3/dist-packages/setuptools/command/easy_install.py:158: EasyInstallDeprecationWarning: easy_install command is deprecated. Use build and pip and other standards-based tools.
[2.139s]   warnings.warn(
[2.143s] /usr/lib/python3/dist-packages/setuptools/command/install.py:34: SetuptoolsDeprecationWarning: setup.py install is deprecated. Use build and pip and other standards-based tools.
[2.143s]   warnings.warn(
[2.444s] running egg_info
[2.445s] writing py_pkg.egg-info/PKG-INFO
[2.445s] writing dependency_links to py_pkg.egg-info/dependency_links.txt
[2.446s] writing entry points to py_pkg.egg-info/entry_points.txt
[2.446s] writing requirements to py_pkg.egg-info/requires.txt
[2.446s] writing top-level names to py_pkg.egg-info/top_level.txt
[2.449s] reading manifest file 'py_pkg.egg-info/SOURCES.txt'
[2.450s] writing manifest file 'py_pkg.egg-info/SOURCES.txt'
[2.453s] running build_ext
[2.454s] Creating /home/ubuntu/dev_ws/install/py_pkg/lib/python3.10/site-packages/py-pkg.egg-link (link to .)
[2.455s] Installing py_node script to /home/ubuntu/dev_ws/install/py_pkg/lib/py_pkg
[2.456s] Installing robot script to /home/ubuntu/dev_ws/install/py_pkg/lib/py_pkg
[2.456s] Installing sub script to /home/ubuntu/dev_ws/install/py_pkg/lib/py_pkg
[2.457s] 
[2.457s] Installed /home/ubuntu/dev_ws/build/py_pkg
[2.457s] running install_data
[2.499s] Invoked command in '/home/ubuntu/dev_ws/build/py_pkg' returned '0': PYTHONPATH=/home/ubuntu/dev_ws/build/py_pkg/prefix_override:/home/ubuntu/dev_ws/install/py_pkg/lib/python3.10/site-packages:${PYTHONPATH} /usr/bin/python3 setup.py develop --editable --build-directory /home/ubuntu/dev_ws/build/py_pkg/build --no-deps install_data
